                              1 ;--------------------------------------------------------
                              2 ; File Created by SDCC : FreeWare ANSI-C Compiler
                              3 ; Version 2.6.0 #4309 (Jul 28 2006)
                              4 ; This file generated Sat Nov 05 19:48:22 2016
                              5 ;--------------------------------------------------------
                              6 	.module main
                              7 	.optsdcc -mmcs51 --model-large
                              8 	
                              9 ;--------------------------------------------------------
                             10 ; Public variables in this module
                             11 ;--------------------------------------------------------
                             12 	.globl _main
                             13 	.globl _handleInput
                             14 	.globl _ShowMenu
                             15 	.globl __sdcc_external_startup
                             16 	.globl _P5_7
                             17 	.globl _P5_6
                             18 	.globl _P5_5
                             19 	.globl _P5_4
                             20 	.globl _P5_3
                             21 	.globl _P5_2
                             22 	.globl _P5_1
                             23 	.globl _P5_0
                             24 	.globl _P4_7
                             25 	.globl _P4_6
                             26 	.globl _P4_5
                             27 	.globl _P4_4
                             28 	.globl _P4_3
                             29 	.globl _P4_2
                             30 	.globl _P4_1
                             31 	.globl _P4_0
                             32 	.globl _PX0L
                             33 	.globl _PT0L
                             34 	.globl _PX1L
                             35 	.globl _PT1L
                             36 	.globl _PLS
                             37 	.globl _PT2L
                             38 	.globl _PPCL
                             39 	.globl _EC
                             40 	.globl _CCF0
                             41 	.globl _CCF1
                             42 	.globl _CCF2
                             43 	.globl _CCF3
                             44 	.globl _CCF4
                             45 	.globl _CR
                             46 	.globl _CF
                             47 	.globl _TF2
                             48 	.globl _EXF2
                             49 	.globl _RCLK
                             50 	.globl _TCLK
                             51 	.globl _EXEN2
                             52 	.globl _TR2
                             53 	.globl _C_T2
                             54 	.globl _CP_RL2
                             55 	.globl _T2CON_7
                             56 	.globl _T2CON_6
                             57 	.globl _T2CON_5
                             58 	.globl _T2CON_4
                             59 	.globl _T2CON_3
                             60 	.globl _T2CON_2
                             61 	.globl _T2CON_1
                             62 	.globl _T2CON_0
                             63 	.globl _PT2
                             64 	.globl _ET2
                             65 	.globl _CY
                             66 	.globl _AC
                             67 	.globl _F0
                             68 	.globl _RS1
                             69 	.globl _RS0
                             70 	.globl _OV
                             71 	.globl _F1
                             72 	.globl _P
                             73 	.globl _PS
                             74 	.globl _PT1
                             75 	.globl _PX1
                             76 	.globl _PT0
                             77 	.globl _PX0
                             78 	.globl _RD
                             79 	.globl _WR
                             80 	.globl _T1
                             81 	.globl _T0
                             82 	.globl _INT1
                             83 	.globl _INT0
                             84 	.globl _TXD
                             85 	.globl _RXD
                             86 	.globl _P3_7
                             87 	.globl _P3_6
                             88 	.globl _P3_5
                             89 	.globl _P3_4
                             90 	.globl _P3_3
                             91 	.globl _P3_2
                             92 	.globl _P3_1
                             93 	.globl _P3_0
                             94 	.globl _EA
                             95 	.globl _ES
                             96 	.globl _ET1
                             97 	.globl _EX1
                             98 	.globl _ET0
                             99 	.globl _EX0
                            100 	.globl _P2_7
                            101 	.globl _P2_6
                            102 	.globl _P2_5
                            103 	.globl _P2_4
                            104 	.globl _P2_3
                            105 	.globl _P2_2
                            106 	.globl _P2_1
                            107 	.globl _P2_0
                            108 	.globl _SM0
                            109 	.globl _SM1
                            110 	.globl _SM2
                            111 	.globl _REN
                            112 	.globl _TB8
                            113 	.globl _RB8
                            114 	.globl _TI
                            115 	.globl _RI
                            116 	.globl _P1_7
                            117 	.globl _P1_6
                            118 	.globl _P1_5
                            119 	.globl _P1_4
                            120 	.globl _P1_3
                            121 	.globl _P1_2
                            122 	.globl _P1_1
                            123 	.globl _P1_0
                            124 	.globl _TF1
                            125 	.globl _TR1
                            126 	.globl _TF0
                            127 	.globl _TR0
                            128 	.globl _IE1
                            129 	.globl _IT1
                            130 	.globl _IE0
                            131 	.globl _IT0
                            132 	.globl _P0_7
                            133 	.globl _P0_6
                            134 	.globl _P0_5
                            135 	.globl _P0_4
                            136 	.globl _P0_3
                            137 	.globl _P0_2
                            138 	.globl _P0_1
                            139 	.globl _P0_0
                            140 	.globl _EECON
                            141 	.globl _KBF
                            142 	.globl _KBE
                            143 	.globl _KBLS
                            144 	.globl _BRL
                            145 	.globl _BDRCON
                            146 	.globl _T2MOD
                            147 	.globl _SPDAT
                            148 	.globl _SPSTA
                            149 	.globl _SPCON
                            150 	.globl _SADEN
                            151 	.globl _SADDR
                            152 	.globl _WDTPRG
                            153 	.globl _WDTRST
                            154 	.globl _P5
                            155 	.globl _P4
                            156 	.globl _IPH1
                            157 	.globl _IPL1
                            158 	.globl _IPH0
                            159 	.globl _IPL0
                            160 	.globl _IEN1
                            161 	.globl _IEN0
                            162 	.globl _CMOD
                            163 	.globl _CL
                            164 	.globl _CH
                            165 	.globl _CCON
                            166 	.globl _CCAPM4
                            167 	.globl _CCAPM3
                            168 	.globl _CCAPM2
                            169 	.globl _CCAPM1
                            170 	.globl _CCAPM0
                            171 	.globl _CCAP4L
                            172 	.globl _CCAP3L
                            173 	.globl _CCAP2L
                            174 	.globl _CCAP1L
                            175 	.globl _CCAP0L
                            176 	.globl _CCAP4H
                            177 	.globl _CCAP3H
                            178 	.globl _CCAP2H
                            179 	.globl _CCAP1H
                            180 	.globl _CCAP0H
                            181 	.globl _CKCKON1
                            182 	.globl _CKCKON0
                            183 	.globl _CKRL
                            184 	.globl _AUXR1
                            185 	.globl _AUXR
                            186 	.globl _TH2
                            187 	.globl _TL2
                            188 	.globl _RCAP2H
                            189 	.globl _RCAP2L
                            190 	.globl _T2CON
                            191 	.globl _B
                            192 	.globl _ACC
                            193 	.globl _PSW
                            194 	.globl _IP
                            195 	.globl _P3
                            196 	.globl _IE
                            197 	.globl _P2
                            198 	.globl _SBUF
                            199 	.globl _SCON
                            200 	.globl _P1
                            201 	.globl _TH1
                            202 	.globl _TH0
                            203 	.globl _TL1
                            204 	.globl _TL0
                            205 	.globl _TMOD
                            206 	.globl _TCON
                            207 	.globl _PCON
                            208 	.globl _DPH
                            209 	.globl _DPL
                            210 	.globl _SP
                            211 	.globl _P0
                            212 ;--------------------------------------------------------
                            213 ; special function registers
                            214 ;--------------------------------------------------------
                            215 	.area RSEG    (DATA)
                    0080    216 _P0	=	0x0080
                    0081    217 _SP	=	0x0081
                    0082    218 _DPL	=	0x0082
                    0083    219 _DPH	=	0x0083
                    0087    220 _PCON	=	0x0087
                    0088    221 _TCON	=	0x0088
                    0089    222 _TMOD	=	0x0089
                    008A    223 _TL0	=	0x008a
                    008B    224 _TL1	=	0x008b
                    008C    225 _TH0	=	0x008c
                    008D    226 _TH1	=	0x008d
                    0090    227 _P1	=	0x0090
                    0098    228 _SCON	=	0x0098
                    0099    229 _SBUF	=	0x0099
                    00A0    230 _P2	=	0x00a0
                    00A8    231 _IE	=	0x00a8
                    00B0    232 _P3	=	0x00b0
                    00B8    233 _IP	=	0x00b8
                    00D0    234 _PSW	=	0x00d0
                    00E0    235 _ACC	=	0x00e0
                    00F0    236 _B	=	0x00f0
                    00C8    237 _T2CON	=	0x00c8
                    00CA    238 _RCAP2L	=	0x00ca
                    00CB    239 _RCAP2H	=	0x00cb
                    00CC    240 _TL2	=	0x00cc
                    00CD    241 _TH2	=	0x00cd
                    008E    242 _AUXR	=	0x008e
                    00A2    243 _AUXR1	=	0x00a2
                    0097    244 _CKRL	=	0x0097
                    008F    245 _CKCKON0	=	0x008f
                    008F    246 _CKCKON1	=	0x008f
                    00FA    247 _CCAP0H	=	0x00fa
                    00FB    248 _CCAP1H	=	0x00fb
                    00FC    249 _CCAP2H	=	0x00fc
                    00FD    250 _CCAP3H	=	0x00fd
                    00FE    251 _CCAP4H	=	0x00fe
                    00EA    252 _CCAP0L	=	0x00ea
                    00EB    253 _CCAP1L	=	0x00eb
                    00EC    254 _CCAP2L	=	0x00ec
                    00ED    255 _CCAP3L	=	0x00ed
                    00EE    256 _CCAP4L	=	0x00ee
                    00DA    257 _CCAPM0	=	0x00da
                    00DB    258 _CCAPM1	=	0x00db
                    00DC    259 _CCAPM2	=	0x00dc
                    00DD    260 _CCAPM3	=	0x00dd
                    00DE    261 _CCAPM4	=	0x00de
                    00D8    262 _CCON	=	0x00d8
                    00F9    263 _CH	=	0x00f9
                    00E9    264 _CL	=	0x00e9
                    00D9    265 _CMOD	=	0x00d9
                    00A8    266 _IEN0	=	0x00a8
                    00B1    267 _IEN1	=	0x00b1
                    00B8    268 _IPL0	=	0x00b8
                    00B7    269 _IPH0	=	0x00b7
                    00B2    270 _IPL1	=	0x00b2
                    00B3    271 _IPH1	=	0x00b3
                    00C0    272 _P4	=	0x00c0
                    00D8    273 _P5	=	0x00d8
                    00A6    274 _WDTRST	=	0x00a6
                    00A7    275 _WDTPRG	=	0x00a7
                    00A9    276 _SADDR	=	0x00a9
                    00B9    277 _SADEN	=	0x00b9
                    00C3    278 _SPCON	=	0x00c3
                    00C4    279 _SPSTA	=	0x00c4
                    00C5    280 _SPDAT	=	0x00c5
                    00C9    281 _T2MOD	=	0x00c9
                    009B    282 _BDRCON	=	0x009b
                    009A    283 _BRL	=	0x009a
                    009C    284 _KBLS	=	0x009c
                    009D    285 _KBE	=	0x009d
                    009E    286 _KBF	=	0x009e
                    00D2    287 _EECON	=	0x00d2
                            288 ;--------------------------------------------------------
                            289 ; special function bits
                            290 ;--------------------------------------------------------
                            291 	.area RSEG    (DATA)
                    0080    292 _P0_0	=	0x0080
                    0081    293 _P0_1	=	0x0081
                    0082    294 _P0_2	=	0x0082
                    0083    295 _P0_3	=	0x0083
                    0084    296 _P0_4	=	0x0084
                    0085    297 _P0_5	=	0x0085
                    0086    298 _P0_6	=	0x0086
                    0087    299 _P0_7	=	0x0087
                    0088    300 _IT0	=	0x0088
                    0089    301 _IE0	=	0x0089
                    008A    302 _IT1	=	0x008a
                    008B    303 _IE1	=	0x008b
                    008C    304 _TR0	=	0x008c
                    008D    305 _TF0	=	0x008d
                    008E    306 _TR1	=	0x008e
                    008F    307 _TF1	=	0x008f
                    0090    308 _P1_0	=	0x0090
                    0091    309 _P1_1	=	0x0091
                    0092    310 _P1_2	=	0x0092
                    0093    311 _P1_3	=	0x0093
                    0094    312 _P1_4	=	0x0094
                    0095    313 _P1_5	=	0x0095
                    0096    314 _P1_6	=	0x0096
                    0097    315 _P1_7	=	0x0097
                    0098    316 _RI	=	0x0098
                    0099    317 _TI	=	0x0099
                    009A    318 _RB8	=	0x009a
                    009B    319 _TB8	=	0x009b
                    009C    320 _REN	=	0x009c
                    009D    321 _SM2	=	0x009d
                    009E    322 _SM1	=	0x009e
                    009F    323 _SM0	=	0x009f
                    00A0    324 _P2_0	=	0x00a0
                    00A1    325 _P2_1	=	0x00a1
                    00A2    326 _P2_2	=	0x00a2
                    00A3    327 _P2_3	=	0x00a3
                    00A4    328 _P2_4	=	0x00a4
                    00A5    329 _P2_5	=	0x00a5
                    00A6    330 _P2_6	=	0x00a6
                    00A7    331 _P2_7	=	0x00a7
                    00A8    332 _EX0	=	0x00a8
                    00A9    333 _ET0	=	0x00a9
                    00AA    334 _EX1	=	0x00aa
                    00AB    335 _ET1	=	0x00ab
                    00AC    336 _ES	=	0x00ac
                    00AF    337 _EA	=	0x00af
                    00B0    338 _P3_0	=	0x00b0
                    00B1    339 _P3_1	=	0x00b1
                    00B2    340 _P3_2	=	0x00b2
                    00B3    341 _P3_3	=	0x00b3
                    00B4    342 _P3_4	=	0x00b4
                    00B5    343 _P3_5	=	0x00b5
                    00B6    344 _P3_6	=	0x00b6
                    00B7    345 _P3_7	=	0x00b7
                    00B0    346 _RXD	=	0x00b0
                    00B1    347 _TXD	=	0x00b1
                    00B2    348 _INT0	=	0x00b2
                    00B3    349 _INT1	=	0x00b3
                    00B4    350 _T0	=	0x00b4
                    00B5    351 _T1	=	0x00b5
                    00B6    352 _WR	=	0x00b6
                    00B7    353 _RD	=	0x00b7
                    00B8    354 _PX0	=	0x00b8
                    00B9    355 _PT0	=	0x00b9
                    00BA    356 _PX1	=	0x00ba
                    00BB    357 _PT1	=	0x00bb
                    00BC    358 _PS	=	0x00bc
                    00D0    359 _P	=	0x00d0
                    00D1    360 _F1	=	0x00d1
                    00D2    361 _OV	=	0x00d2
                    00D3    362 _RS0	=	0x00d3
                    00D4    363 _RS1	=	0x00d4
                    00D5    364 _F0	=	0x00d5
                    00D6    365 _AC	=	0x00d6
                    00D7    366 _CY	=	0x00d7
                    00AD    367 _ET2	=	0x00ad
                    00BD    368 _PT2	=	0x00bd
                    00C8    369 _T2CON_0	=	0x00c8
                    00C9    370 _T2CON_1	=	0x00c9
                    00CA    371 _T2CON_2	=	0x00ca
                    00CB    372 _T2CON_3	=	0x00cb
                    00CC    373 _T2CON_4	=	0x00cc
                    00CD    374 _T2CON_5	=	0x00cd
                    00CE    375 _T2CON_6	=	0x00ce
                    00CF    376 _T2CON_7	=	0x00cf
                    00C8    377 _CP_RL2	=	0x00c8
                    00C9    378 _C_T2	=	0x00c9
                    00CA    379 _TR2	=	0x00ca
                    00CB    380 _EXEN2	=	0x00cb
                    00CC    381 _TCLK	=	0x00cc
                    00CD    382 _RCLK	=	0x00cd
                    00CE    383 _EXF2	=	0x00ce
                    00CF    384 _TF2	=	0x00cf
                    00DF    385 _CF	=	0x00df
                    00DE    386 _CR	=	0x00de
                    00DC    387 _CCF4	=	0x00dc
                    00DB    388 _CCF3	=	0x00db
                    00DA    389 _CCF2	=	0x00da
                    00D9    390 _CCF1	=	0x00d9
                    00D8    391 _CCF0	=	0x00d8
                    00AE    392 _EC	=	0x00ae
                    00BE    393 _PPCL	=	0x00be
                    00BD    394 _PT2L	=	0x00bd
                    00BC    395 _PLS	=	0x00bc
                    00BB    396 _PT1L	=	0x00bb
                    00BA    397 _PX1L	=	0x00ba
                    00B9    398 _PT0L	=	0x00b9
                    00B8    399 _PX0L	=	0x00b8
                    00C0    400 _P4_0	=	0x00c0
                    00C1    401 _P4_1	=	0x00c1
                    00C2    402 _P4_2	=	0x00c2
                    00C3    403 _P4_3	=	0x00c3
                    00C4    404 _P4_4	=	0x00c4
                    00C5    405 _P4_5	=	0x00c5
                    00C6    406 _P4_6	=	0x00c6
                    00C7    407 _P4_7	=	0x00c7
                    00D8    408 _P5_0	=	0x00d8
                    00D9    409 _P5_1	=	0x00d9
                    00DA    410 _P5_2	=	0x00da
                    00DB    411 _P5_3	=	0x00db
                    00DC    412 _P5_4	=	0x00dc
                    00DD    413 _P5_5	=	0x00dd
                    00DE    414 _P5_6	=	0x00de
                    00DF    415 _P5_7	=	0x00df
                            416 ;--------------------------------------------------------
                            417 ; overlayable register banks
                            418 ;--------------------------------------------------------
                            419 	.area REG_BANK_0	(REL,OVR,DATA)
   0000                     420 	.ds 8
                            421 ;--------------------------------------------------------
                            422 ; internal ram data
                            423 ;--------------------------------------------------------
                            424 	.area DSEG    (DATA)
                            425 ;--------------------------------------------------------
                            426 ; overlayable items in internal ram 
                            427 ;--------------------------------------------------------
                            428 	.area OSEG    (OVR,DATA)
                            429 ;--------------------------------------------------------
                            430 ; Stack segment in internal ram 
                            431 ;--------------------------------------------------------
                            432 	.area	SSEG	(DATA)
   0000                     433 __start__stack:
   0000                     434 	.ds	1
                            435 
                            436 ;--------------------------------------------------------
                            437 ; indirectly addressable internal ram data
                            438 ;--------------------------------------------------------
                            439 	.area ISEG    (DATA)
                            440 ;--------------------------------------------------------
                            441 ; bit data
                            442 ;--------------------------------------------------------
                            443 	.area BSEG    (BIT)
                            444 ;--------------------------------------------------------
                            445 ; paged external ram data
                            446 ;--------------------------------------------------------
                            447 	.area PSEG    (PAG,XDATA)
                            448 ;--------------------------------------------------------
                            449 ; external ram data
                            450 ;--------------------------------------------------------
                            451 	.area XSEG    (XDATA)
   0000                     452 _handleInput_c_1_1:
   0000                     453 	.ds 1
   0001                     454 _handleInput_row_1_1:
   0001                     455 	.ds 2
   0003                     456 _handleInput_col_1_1:
   0003                     457 	.ds 2
                            458 ;--------------------------------------------------------
                            459 ; external initialized ram data
                            460 ;--------------------------------------------------------
                            461 	.area XISEG   (XDATA)
                            462 	.area HOME    (CODE)
                            463 	.area GSINIT0 (CODE)
                            464 	.area GSINIT1 (CODE)
                            465 	.area GSINIT2 (CODE)
                            466 	.area GSINIT3 (CODE)
                            467 	.area GSINIT4 (CODE)
                            468 	.area GSINIT5 (CODE)
                            469 	.area GSINIT  (CODE)
                            470 	.area GSFINAL (CODE)
                            471 	.area CSEG    (CODE)
                            472 ;--------------------------------------------------------
                            473 ; interrupt vector 
                            474 ;--------------------------------------------------------
                            475 	.area HOME    (CODE)
   0000                     476 __interrupt_vect:
   0000 02s00r00            477 	ljmp	__sdcc_gsinit_startup
                            478 ;--------------------------------------------------------
                            479 ; global & static initialisations
                            480 ;--------------------------------------------------------
                            481 	.area HOME    (CODE)
                            482 	.area GSINIT  (CODE)
                            483 	.area GSFINAL (CODE)
                            484 	.area GSINIT  (CODE)
                            485 	.globl __sdcc_gsinit_startup
                            486 	.globl __sdcc_program_startup
                            487 	.globl __start__stack
                            488 	.globl __mcs51_genXINIT
                            489 	.globl __mcs51_genXRAMCLEAR
                            490 	.globl __mcs51_genRAMCLEAR
                            491 	.area GSFINAL (CODE)
   0000 02s00r00            492 	ljmp	__sdcc_program_startup
                            493 ;--------------------------------------------------------
                            494 ; Home
                            495 ;--------------------------------------------------------
                            496 	.area HOME    (CODE)
                            497 	.area CSEG    (CODE)
   0000                     498 __sdcc_program_startup:
   0000 12s02rB8            499 	lcall	_main
                            500 ;	return from main will lock up
   0003 80 FE               501 	sjmp .
                            502 ;--------------------------------------------------------
                            503 ; code
                            504 ;--------------------------------------------------------
                            505 	.area CSEG    (CODE)
                            506 ;------------------------------------------------------------
                            507 ;Allocation info for local variables in function '_sdcc_external_startup'
                            508 ;------------------------------------------------------------
                            509 ;------------------------------------------------------------
                            510 ;	main.c:14: _sdcc_external_startup(){
                            511 ;	-----------------------------------------
                            512 ;	 function _sdcc_external_startup
                            513 ;	-----------------------------------------
   0005                     514 __sdcc_external_startup:
                    0002    515 	ar2 = 0x02
                    0003    516 	ar3 = 0x03
                    0004    517 	ar4 = 0x04
                    0005    518 	ar5 = 0x05
                    0006    519 	ar6 = 0x06
                    0007    520 	ar7 = 0x07
                    0000    521 	ar0 = 0x00
                    0001    522 	ar1 = 0x01
                            523 ;	main.c:16: AUXR |= AUXR_ENABLE_XRAM_MASK;   //Enable all XRAM
                            524 ;	genOr
   0005 43 8E 0C            525 	orl	_AUXR,#0x0C
                            526 ;	main.c:17: return 0;
                            527 ;	genRet
                            528 ;	Peephole 182.b	used 16 bit load of dptr
   0008 90 00 00            529 	mov	dptr,#0x0000
                            530 ;	Peephole 300	removed redundant label 00101$
   000B 22                  531 	ret
                            532 ;------------------------------------------------------------
                            533 ;Allocation info for local variables in function 'ShowMenu'
                            534 ;------------------------------------------------------------
                            535 ;------------------------------------------------------------
                            536 ;	main.c:24: void ShowMenu(void){
                            537 ;	-----------------------------------------
                            538 ;	 function ShowMenu
                            539 ;	-----------------------------------------
   000C                     540 _ShowMenu:
                            541 ;	main.c:25: printf("\r\n***************");
                            542 ;	genIpush
   000C 74r00               543 	mov	a,#__str_0
   000E C0 E0               544 	push	acc
   0010 74s00               545 	mov	a,#(__str_0 >> 8)
   0012 C0 E0               546 	push	acc
   0014 74 80               547 	mov	a,#0x80
   0016 C0 E0               548 	push	acc
                            549 ;	genCall
   0018 12s00r00            550 	lcall	_printf
   001B 15 81               551 	dec	sp
   001D 15 81               552 	dec	sp
   001F 15 81               553 	dec	sp
                            554 ;	main.c:26: printf("\r\n    Menu\r\n");
                            555 ;	genIpush
   0021 74r12               556 	mov	a,#__str_1
   0023 C0 E0               557 	push	acc
   0025 74s00               558 	mov	a,#(__str_1 >> 8)
   0027 C0 E0               559 	push	acc
   0029 74 80               560 	mov	a,#0x80
   002B C0 E0               561 	push	acc
                            562 ;	genCall
   002D 12s00r00            563 	lcall	_printf
   0030 15 81               564 	dec	sp
   0032 15 81               565 	dec	sp
   0034 15 81               566 	dec	sp
                            567 ;	main.c:27: printf("\r\n***************");
                            568 ;	genIpush
   0036 74r00               569 	mov	a,#__str_0
   0038 C0 E0               570 	push	acc
   003A 74s00               571 	mov	a,#(__str_0 >> 8)
   003C C0 E0               572 	push	acc
   003E 74 80               573 	mov	a,#0x80
   0040 C0 E0               574 	push	acc
                            575 ;	genCall
   0042 12s00r00            576 	lcall	_printf
   0045 15 81               577 	dec	sp
   0047 15 81               578 	dec	sp
   0049 15 81               579 	dec	sp
                            580 ;	main.c:28: printf("\r\nPress 'H' to show this menu");
                            581 ;	genIpush
   004B 74r1F               582 	mov	a,#__str_2
   004D C0 E0               583 	push	acc
   004F 74s00               584 	mov	a,#(__str_2 >> 8)
   0051 C0 E0               585 	push	acc
   0053 74 80               586 	mov	a,#0x80
   0055 C0 E0               587 	push	acc
                            588 ;	genCall
   0057 12s00r00            589 	lcall	_printf
   005A 15 81               590 	dec	sp
   005C 15 81               591 	dec	sp
   005E 15 81               592 	dec	sp
                            593 ;	main.c:29: printf("\r\nPress 'I' to Init LCD. Must call this first");
                            594 ;	genIpush
   0060 74r3D               595 	mov	a,#__str_3
   0062 C0 E0               596 	push	acc
   0064 74s00               597 	mov	a,#(__str_3 >> 8)
   0066 C0 E0               598 	push	acc
   0068 74 80               599 	mov	a,#0x80
   006A C0 E0               600 	push	acc
                            601 ;	genCall
   006C 12s00r00            602 	lcall	_printf
   006F 15 81               603 	dec	sp
   0071 15 81               604 	dec	sp
   0073 15 81               605 	dec	sp
                            606 ;	main.c:30: printf("\r\nPress 'g' to show gotoaddr. Will go to address 0x40, which is start of line 2");
                            607 ;	genIpush
   0075 74r6B               608 	mov	a,#__str_4
   0077 C0 E0               609 	push	acc
   0079 74s00               610 	mov	a,#(__str_4 >> 8)
   007B C0 E0               611 	push	acc
   007D 74 80               612 	mov	a,#0x80
   007F C0 E0               613 	push	acc
                            614 ;	genCall
   0081 12s00r00            615 	lcall	_printf
   0084 15 81               616 	dec	sp
   0086 15 81               617 	dec	sp
   0088 15 81               618 	dec	sp
                            619 ;	main.c:31: printf("\r\nPress 'x' to show gotoxy.");
                            620 ;	genIpush
   008A 74rBB               621 	mov	a,#__str_5
   008C C0 E0               622 	push	acc
   008E 74s00               623 	mov	a,#(__str_5 >> 8)
   0090 C0 E0               624 	push	acc
   0092 74 80               625 	mov	a,#0x80
   0094 C0 E0               626 	push	acc
                            627 ;	genCall
   0096 12s00r00            628 	lcall	_printf
   0099 15 81               629 	dec	sp
   009B 15 81               630 	dec	sp
   009D 15 81               631 	dec	sp
                            632 ;	main.c:32: printf("\r\nPress 'c' to show putch. Will draw a character at the start of each line");
                            633 ;	genIpush
   009F 74rD7               634 	mov	a,#__str_6
   00A1 C0 E0               635 	push	acc
   00A3 74s00               636 	mov	a,#(__str_6 >> 8)
   00A5 C0 E0               637 	push	acc
   00A7 74 80               638 	mov	a,#0x80
   00A9 C0 E0               639 	push	acc
                            640 ;	genCall
   00AB 12s00r00            641 	lcall	_printf
   00AE 15 81               642 	dec	sp
   00B0 15 81               643 	dec	sp
   00B2 15 81               644 	dec	sp
                            645 ;	main.c:33: printf("\r\nPress 's' to show putstr. Will fill entire LCD with a string\r\n");
                            646 ;	genIpush
   00B4 74r22               647 	mov	a,#__str_7
   00B6 C0 E0               648 	push	acc
   00B8 74s01               649 	mov	a,#(__str_7 >> 8)
   00BA C0 E0               650 	push	acc
   00BC 74 80               651 	mov	a,#0x80
   00BE C0 E0               652 	push	acc
                            653 ;	genCall
   00C0 12s00r00            654 	lcall	_printf
   00C3 15 81               655 	dec	sp
   00C5 15 81               656 	dec	sp
   00C7 15 81               657 	dec	sp
                            658 ;	Peephole 300	removed redundant label 00101$
   00C9 22                  659 	ret
                            660 ;------------------------------------------------------------
                            661 ;Allocation info for local variables in function 'handleInput'
                            662 ;------------------------------------------------------------
                            663 ;c                         Allocated with name '_handleInput_c_1_1'
                            664 ;row                       Allocated with name '_handleInput_row_1_1'
                            665 ;col                       Allocated with name '_handleInput_col_1_1'
                            666 ;------------------------------------------------------------
                            667 ;	main.c:39: void handleInput(char c){
                            668 ;	-----------------------------------------
                            669 ;	 function handleInput
                            670 ;	-----------------------------------------
   00CA                     671 _handleInput:
                            672 ;	genReceive
   00CA E5 82               673 	mov	a,dpl
   00CC 90s00r00            674 	mov	dptr,#_handleInput_c_1_1
   00CF F0                  675 	movx	@dptr,a
                            676 ;	main.c:42: switch (c){
                            677 ;	genAssign
   00D0 90s00r00            678 	mov	dptr,#_handleInput_c_1_1
   00D3 E0                  679 	movx	a,@dptr
   00D4 FA                  680 	mov	r2,a
                            681 ;	genCmpEq
                            682 ;	gencjneshort
   00D5 BA 48 03            683 	cjne	r2,#0x48,00127$
   00D8 02s02rB5            684 	ljmp	00112$
   00DB                     685 00127$:
                            686 ;	genCmpEq
                            687 ;	gencjneshort
   00DB BA 49 02            688 	cjne	r2,#0x49,00128$
                            689 ;	Peephole 112.b	changed ljmp to sjmp
   00DE 80 17               690 	sjmp	00101$
   00E0                     691 00128$:
                            692 ;	genCmpEq
                            693 ;	gencjneshort
   00E0 BA 63 03            694 	cjne	r2,#0x63,00129$
   00E3 02s02r4C            695 	ljmp	00110$
   00E6                     696 00129$:
                            697 ;	genCmpEq
                            698 ;	gencjneshort
   00E6 BA 67 02            699 	cjne	r2,#0x67,00130$
                            700 ;	Peephole 112.b	changed ljmp to sjmp
   00E9 80 24               701 	sjmp	00102$
   00EB                     702 00130$:
                            703 ;	genCmpEq
                            704 ;	gencjneshort
   00EB BA 73 03            705 	cjne	r2,#0x73,00131$
   00EE 02s02r94            706 	ljmp	00111$
   00F1                     707 00131$:
                            708 ;	genCmpEq
                            709 ;	gencjneshort
   00F1 BA 78 02            710 	cjne	r2,#0x78,00132$
                            711 ;	Peephole 112.b	changed ljmp to sjmp
   00F4 80 37               712 	sjmp	00103$
   00F6                     713 00132$:
                            714 ;	Peephole 251.a	replaced ljmp to ret with ret
   00F6 22                  715 	ret
                            716 ;	main.c:43: case 'I':
   00F7                     717 00101$:
                            718 ;	main.c:44: printf("\r\nInitializing LCD\r\n");
                            719 ;	genIpush
   00F7 74r63               720 	mov	a,#__str_8
   00F9 C0 E0               721 	push	acc
   00FB 74s01               722 	mov	a,#(__str_8 >> 8)
   00FD C0 E0               723 	push	acc
   00FF 74 80               724 	mov	a,#0x80
   0101 C0 E0               725 	push	acc
                            726 ;	genCall
   0103 12s00r00            727 	lcall	_printf
   0106 15 81               728 	dec	sp
   0108 15 81               729 	dec	sp
   010A 15 81               730 	dec	sp
                            731 ;	main.c:45: LCD_Init();
                            732 ;	genCall
                            733 ;	main.c:46: break;
                            734 ;	Peephole 251.a	replaced ljmp to ret with ret
                            735 ;	Peephole 253.a	replaced lcall/ret with ljmp
   010C 02s00r00            736 	ljmp	_LCD_Init
                            737 ;	main.c:47: case 'g':
   010F                     738 00102$:
                            739 ;	main.c:48: printf("\r\nMoved cursor to start of line 2\r\n");
                            740 ;	genIpush
   010F 74r78               741 	mov	a,#__str_9
   0111 C0 E0               742 	push	acc
   0113 74s01               743 	mov	a,#(__str_9 >> 8)
   0115 C0 E0               744 	push	acc
   0117 74 80               745 	mov	a,#0x80
   0119 C0 E0               746 	push	acc
                            747 ;	genCall
   011B 12s00r00            748 	lcall	_printf
   011E 15 81               749 	dec	sp
   0120 15 81               750 	dec	sp
   0122 15 81               751 	dec	sp
                            752 ;	main.c:49: LCD_ClearScreen();
                            753 ;	genCall
   0124 12s00r00            754 	lcall	_LCD_ClearScreen
                            755 ;	main.c:50: LCD_gotoaddr(0x40);
                            756 ;	genCall
   0127 75 82 40            757 	mov	dpl,#0x40
                            758 ;	main.c:51: break;
                            759 ;	Peephole 251.a	replaced ljmp to ret with ret
                            760 ;	Peephole 253.a	replaced lcall/ret with ljmp
   012A 02s00r00            761 	ljmp	_LCD_gotoaddr
                            762 ;	main.c:52: case 'x':
   012D                     763 00103$:
                            764 ;	main.c:53: printf ("\r\nEnter a row from 0-3:");
                            765 ;	genIpush
   012D 74r9C               766 	mov	a,#__str_10
   012F C0 E0               767 	push	acc
   0131 74s01               768 	mov	a,#(__str_10 >> 8)
   0133 C0 E0               769 	push	acc
   0135 74 80               770 	mov	a,#0x80
   0137 C0 E0               771 	push	acc
                            772 ;	genCall
   0139 12s00r00            773 	lcall	_printf
   013C 15 81               774 	dec	sp
   013E 15 81               775 	dec	sp
   0140 15 81               776 	dec	sp
                            777 ;	main.c:54: row = Serial_GetInteger(3);
                            778 ;	genCall
                            779 ;	Peephole 182.b	used 16 bit load of dptr
   0142 90 00 03            780 	mov	dptr,#0x0003
   0145 12s00r00            781 	lcall	_Serial_GetInteger
   0148 E5 82               782 	mov	a,dpl
   014A 85 83 F0            783 	mov	b,dph
                            784 ;	genAssign
   014D 90s00r01            785 	mov	dptr,#_handleInput_row_1_1
   0150 F0                  786 	movx	@dptr,a
   0151 A3                  787 	inc	dptr
   0152 E5 F0               788 	mov	a,b
   0154 F0                  789 	movx	@dptr,a
                            790 ;	main.c:55: while(row > 3){
   0155                     791 00104$:
                            792 ;	genAssign
   0155 90s00r01            793 	mov	dptr,#_handleInput_row_1_1
   0158 E0                  794 	movx	a,@dptr
   0159 FA                  795 	mov	r2,a
   015A A3                  796 	inc	dptr
   015B E0                  797 	movx	a,@dptr
   015C FB                  798 	mov	r3,a
                            799 ;	genCmpGt
                            800 ;	genCmp
   015D C3                  801 	clr	c
   015E 74 03               802 	mov	a,#0x03
   0160 9A                  803 	subb	a,r2
                            804 ;	Peephole 159	avoided xrl during execution
   0161 74 80               805 	mov	a,#(0x00 ^ 0x80)
   0163 8B F0               806 	mov	b,r3
   0165 63 F0 80            807 	xrl	b,#0x80
   0168 95 F0               808 	subb	a,b
                            809 ;	genIfxJump
                            810 ;	Peephole 108.a	removed ljmp by inverse jump logic
   016A 50 2A               811 	jnc	00106$
                            812 ;	Peephole 300	removed redundant label 00133$
                            813 ;	main.c:56: printf ("\r\nEnter a row from 0-3:");
                            814 ;	genIpush
   016C 74r9C               815 	mov	a,#__str_10
   016E C0 E0               816 	push	acc
   0170 74s01               817 	mov	a,#(__str_10 >> 8)
   0172 C0 E0               818 	push	acc
   0174 74 80               819 	mov	a,#0x80
   0176 C0 E0               820 	push	acc
                            821 ;	genCall
   0178 12s00r00            822 	lcall	_printf
   017B 15 81               823 	dec	sp
   017D 15 81               824 	dec	sp
   017F 15 81               825 	dec	sp
                            826 ;	main.c:57: row = Serial_GetInteger(3);
                            827 ;	genCall
                            828 ;	Peephole 182.b	used 16 bit load of dptr
   0181 90 00 03            829 	mov	dptr,#0x0003
   0184 12s00r00            830 	lcall	_Serial_GetInteger
   0187 E5 82               831 	mov	a,dpl
   0189 85 83 F0            832 	mov	b,dph
                            833 ;	genAssign
   018C 90s00r01            834 	mov	dptr,#_handleInput_row_1_1
   018F F0                  835 	movx	@dptr,a
   0190 A3                  836 	inc	dptr
   0191 E5 F0               837 	mov	a,b
   0193 F0                  838 	movx	@dptr,a
                            839 ;	Peephole 112.b	changed ljmp to sjmp
   0194 80 BF               840 	sjmp	00104$
   0196                     841 00106$:
                            842 ;	main.c:60: printf ("\r\nEnter a col from 0-15:");
                            843 ;	genIpush
   0196 74rB4               844 	mov	a,#__str_11
   0198 C0 E0               845 	push	acc
   019A 74s01               846 	mov	a,#(__str_11 >> 8)
   019C C0 E0               847 	push	acc
   019E 74 80               848 	mov	a,#0x80
   01A0 C0 E0               849 	push	acc
                            850 ;	genCall
   01A2 12s00r00            851 	lcall	_printf
   01A5 15 81               852 	dec	sp
   01A7 15 81               853 	dec	sp
   01A9 15 81               854 	dec	sp
                            855 ;	main.c:61: col = Serial_GetInteger(3) ;
                            856 ;	genCall
                            857 ;	Peephole 182.b	used 16 bit load of dptr
   01AB 90 00 03            858 	mov	dptr,#0x0003
   01AE 12s00r00            859 	lcall	_Serial_GetInteger
   01B1 E5 82               860 	mov	a,dpl
   01B3 85 83 F0            861 	mov	b,dph
                            862 ;	genAssign
   01B6 90s00r03            863 	mov	dptr,#_handleInput_col_1_1
   01B9 F0                  864 	movx	@dptr,a
   01BA A3                  865 	inc	dptr
   01BB E5 F0               866 	mov	a,b
   01BD F0                  867 	movx	@dptr,a
                            868 ;	main.c:62: while(col > 15){
   01BE                     869 00107$:
                            870 ;	genAssign
   01BE 90s00r03            871 	mov	dptr,#_handleInput_col_1_1
   01C1 E0                  872 	movx	a,@dptr
   01C2 FA                  873 	mov	r2,a
   01C3 A3                  874 	inc	dptr
   01C4 E0                  875 	movx	a,@dptr
   01C5 FB                  876 	mov	r3,a
                            877 ;	genCmpGt
                            878 ;	genCmp
   01C6 C3                  879 	clr	c
   01C7 74 0F               880 	mov	a,#0x0F
   01C9 9A                  881 	subb	a,r2
                            882 ;	Peephole 159	avoided xrl during execution
   01CA 74 80               883 	mov	a,#(0x00 ^ 0x80)
   01CC 8B F0               884 	mov	b,r3
   01CE 63 F0 80            885 	xrl	b,#0x80
   01D1 95 F0               886 	subb	a,b
                            887 ;	genIfxJump
                            888 ;	Peephole 108.a	removed ljmp by inverse jump logic
   01D3 50 2A               889 	jnc	00109$
                            890 ;	Peephole 300	removed redundant label 00134$
                            891 ;	main.c:63: printf ("\r\nEnter a col from 0-15:");
                            892 ;	genIpush
   01D5 74rB4               893 	mov	a,#__str_11
   01D7 C0 E0               894 	push	acc
   01D9 74s01               895 	mov	a,#(__str_11 >> 8)
   01DB C0 E0               896 	push	acc
   01DD 74 80               897 	mov	a,#0x80
   01DF C0 E0               898 	push	acc
                            899 ;	genCall
   01E1 12s00r00            900 	lcall	_printf
   01E4 15 81               901 	dec	sp
   01E6 15 81               902 	dec	sp
   01E8 15 81               903 	dec	sp
                            904 ;	main.c:64: col = Serial_GetInteger(3);
                            905 ;	genCall
                            906 ;	Peephole 182.b	used 16 bit load of dptr
   01EA 90 00 03            907 	mov	dptr,#0x0003
   01ED 12s00r00            908 	lcall	_Serial_GetInteger
   01F0 E5 82               909 	mov	a,dpl
   01F2 85 83 F0            910 	mov	b,dph
                            911 ;	genAssign
   01F5 90s00r03            912 	mov	dptr,#_handleInput_col_1_1
   01F8 F0                  913 	movx	@dptr,a
   01F9 A3                  914 	inc	dptr
   01FA E5 F0               915 	mov	a,b
   01FC F0                  916 	movx	@dptr,a
                            917 ;	Peephole 112.b	changed ljmp to sjmp
   01FD 80 BF               918 	sjmp	00107$
   01FF                     919 00109$:
                            920 ;	main.c:66: LCD_ClearScreen();
                            921 ;	genCall
   01FF C0 02               922 	push	ar2
   0201 C0 03               923 	push	ar3
   0203 12s00r00            924 	lcall	_LCD_ClearScreen
   0206 D0 03               925 	pop	ar3
   0208 D0 02               926 	pop	ar2
                            927 ;	main.c:67: LCD_gotoxy(row, col);
                            928 ;	genAssign
   020A 90s00r01            929 	mov	dptr,#_handleInput_row_1_1
   020D E0                  930 	movx	a,@dptr
   020E FC                  931 	mov	r4,a
   020F A3                  932 	inc	dptr
   0210 E0                  933 	movx	a,@dptr
   0211 FD                  934 	mov	r5,a
                            935 ;	genCast
   0212 8C 06               936 	mov	ar6,r4
                            937 ;	genCast
   0214 90s00r00            938 	mov	dptr,#_LCD_gotoxy_PARM_2
   0217 EA                  939 	mov	a,r2
   0218 F0                  940 	movx	@dptr,a
                            941 ;	genCall
   0219 8E 82               942 	mov	dpl,r6
   021B C0 02               943 	push	ar2
   021D C0 03               944 	push	ar3
   021F C0 04               945 	push	ar4
   0221 C0 05               946 	push	ar5
   0223 12s00r00            947 	lcall	_LCD_gotoxy
   0226 D0 05               948 	pop	ar5
   0228 D0 04               949 	pop	ar4
   022A D0 03               950 	pop	ar3
   022C D0 02               951 	pop	ar2
                            952 ;	main.c:68: printf("\r\nMoved cursor to new location (%d,%d)\r\n", row, col);
                            953 ;	genIpush
   022E C0 02               954 	push	ar2
   0230 C0 03               955 	push	ar3
                            956 ;	genIpush
   0232 C0 04               957 	push	ar4
   0234 C0 05               958 	push	ar5
                            959 ;	genIpush
   0236 74rCD               960 	mov	a,#__str_12
   0238 C0 E0               961 	push	acc
   023A 74s01               962 	mov	a,#(__str_12 >> 8)
   023C C0 E0               963 	push	acc
   023E 74 80               964 	mov	a,#0x80
   0240 C0 E0               965 	push	acc
                            966 ;	genCall
   0242 12s00r00            967 	lcall	_printf
   0245 E5 81               968 	mov	a,sp
   0247 24 F9               969 	add	a,#0xf9
   0249 F5 81               970 	mov	sp,a
                            971 ;	main.c:69: break;
                            972 ;	main.c:70: case 'c':
                            973 ;	Peephole 112.b	changed ljmp to sjmp
                            974 ;	Peephole 251.b	replaced sjmp to ret with ret
   024B 22                  975 	ret
   024C                     976 00110$:
                            977 ;	main.c:71: printf("\r\nUpdating first character of each line\r\n");
                            978 ;	genIpush
   024C 74rF6               979 	mov	a,#__str_13
   024E C0 E0               980 	push	acc
   0250 74s01               981 	mov	a,#(__str_13 >> 8)
   0252 C0 E0               982 	push	acc
   0254 74 80               983 	mov	a,#0x80
   0256 C0 E0               984 	push	acc
                            985 ;	genCall
   0258 12s00r00            986 	lcall	_printf
   025B 15 81               987 	dec	sp
   025D 15 81               988 	dec	sp
   025F 15 81               989 	dec	sp
                            990 ;	main.c:72: LCD_ClearScreen();
                            991 ;	genCall
   0261 12s00r00            992 	lcall	_LCD_ClearScreen
                            993 ;	main.c:73: LCD_gotoaddr(0x00);
                            994 ;	genCall
   0264 75 82 00            995 	mov	dpl,#0x00
   0267 12s00r00            996 	lcall	_LCD_gotoaddr
                            997 ;	main.c:74: LCD_Putch('A');
                            998 ;	genCall
   026A 75 82 41            999 	mov	dpl,#0x41
   026D 12s00r00           1000 	lcall	_LCD_Putch
                           1001 ;	main.c:75: LCD_gotoaddr(0x40);
                           1002 ;	genCall
   0270 75 82 40           1003 	mov	dpl,#0x40
   0273 12s00r00           1004 	lcall	_LCD_gotoaddr
                           1005 ;	main.c:76: LCD_Putch('B');
                           1006 ;	genCall
   0276 75 82 42           1007 	mov	dpl,#0x42
   0279 12s00r00           1008 	lcall	_LCD_Putch
                           1009 ;	main.c:77: LCD_gotoaddr(0x10);
                           1010 ;	genCall
   027C 75 82 10           1011 	mov	dpl,#0x10
   027F 12s00r00           1012 	lcall	_LCD_gotoaddr
                           1013 ;	main.c:78: LCD_Putch('C');
                           1014 ;	genCall
   0282 75 82 43           1015 	mov	dpl,#0x43
   0285 12s00r00           1016 	lcall	_LCD_Putch
                           1017 ;	main.c:79: LCD_gotoaddr(0x50);
                           1018 ;	genCall
   0288 75 82 50           1019 	mov	dpl,#0x50
   028B 12s00r00           1020 	lcall	_LCD_gotoaddr
                           1021 ;	main.c:80: LCD_Putch('D');
                           1022 ;	genCall
   028E 75 82 44           1023 	mov	dpl,#0x44
                           1024 ;	main.c:81: break;
                           1025 ;	main.c:82: case 's':
                           1026 ;	Peephole 112.b	changed ljmp to sjmp
                           1027 ;	Peephole 251.b	replaced sjmp to ret with ret
                           1028 ;	Peephole 253.a	replaced lcall/ret with ljmp
   0291 02s00r00           1029 	ljmp	_LCD_Putch
   0294                    1030 00111$:
                           1031 ;	main.c:83: printf("\r\Writing a string to LCD\r\n");
                           1032 ;	genIpush
   0294 74r20              1033 	mov	a,#__str_14
   0296 C0 E0              1034 	push	acc
   0298 74s02              1035 	mov	a,#(__str_14 >> 8)
   029A C0 E0              1036 	push	acc
   029C 74 80              1037 	mov	a,#0x80
   029E C0 E0              1038 	push	acc
                           1039 ;	genCall
   02A0 12s00r00           1040 	lcall	_printf
   02A3 15 81              1041 	dec	sp
   02A5 15 81              1042 	dec	sp
   02A7 15 81              1043 	dec	sp
                           1044 ;	main.c:84: LCD_ClearScreen();
                           1045 ;	genCall
   02A9 12s00r00           1046 	lcall	_LCD_ClearScreen
                           1047 ;	main.c:85: LCD_Putstr("abcdefghijklnopqrstuvwxyz123456789abcdefghijklmnopqrstuvwxyz12345678987654321");
                           1048 ;	genCall
                           1049 ;	Peephole 182.a	used 16 bit load of DPTR
   02AC 90s02r3B           1050 	mov	dptr,#__str_15
   02AF 75 F0 80           1051 	mov	b,#0x80
                           1052 ;	main.c:86: break;
                           1053 ;	main.c:87: case 'H':
                           1054 ;	Peephole 112.b	changed ljmp to sjmp
                           1055 ;	Peephole 251.b	replaced sjmp to ret with ret
                           1056 ;	Peephole 253.a	replaced lcall/ret with ljmp
   02B2 02s00r00           1057 	ljmp	_LCD_Putstr
   02B5                    1058 00112$:
                           1059 ;	main.c:88: ShowMenu();
                           1060 ;	genCall
                           1061 ;	main.c:92: }
                           1062 ;	Peephole 253.b	replaced lcall/ret with ljmp
   02B5 02s00r0C           1063 	ljmp	_ShowMenu
                           1064 ;
                           1065 ;------------------------------------------------------------
                           1066 ;Allocation info for local variables in function 'main'
                           1067 ;------------------------------------------------------------
                           1068 ;c                         Allocated with name '_main_c_2_2'
                           1069 ;------------------------------------------------------------
                           1070 ;	main.c:98: void main(void)
                           1071 ;	-----------------------------------------
                           1072 ;	 function main
                           1073 ;	-----------------------------------------
   02B8                    1074 _main:
                           1075 ;	main.c:100: Serial_Init();
                           1076 ;	genCall
   02B8 12s00r00           1077 	lcall	_Serial_Init
                           1078 ;	main.c:101: P1_3 = 1;
                           1079 ;	genAssign
   02BB D2 93              1080 	setb	_P1_3
                           1081 ;	main.c:103: ShowMenu();
                           1082 ;	genCall
   02BD 12s00r0C           1083 	lcall	_ShowMenu
                           1084 ;	main.c:104: while(1){
   02C0                    1085 00104$:
                           1086 ;	main.c:106: c = getchar ();
                           1087 ;	genCall
   02C0 12s00r00           1088 	lcall	_getchar
   02C3 AA 82              1089 	mov	r2,dpl
                           1090 ;	main.c:107: if (c == ENTER_KEY){
                           1091 ;	genCmpEq
                           1092 ;	gencjneshort
                           1093 ;	Peephole 112.b	changed ljmp to sjmp
                           1094 ;	Peephole 198.b	optimized misc jump sequence
   02C5 BA 0D 0A           1095 	cjne	r2,#0x0D,00102$
                           1096 ;	Peephole 200.b	removed redundant sjmp
                           1097 ;	Peephole 300	removed redundant label 00110$
                           1098 ;	Peephole 300	removed redundant label 00111$
                           1099 ;	main.c:108: putchar('\n');
                           1100 ;	genCall
   02C8 75 82 0A           1101 	mov	dpl,#0x0A
   02CB C0 02              1102 	push	ar2
   02CD 12s00r00           1103 	lcall	_putchar
   02D0 D0 02              1104 	pop	ar2
   02D2                    1105 00102$:
                           1106 ;	main.c:110: putchar(c);
                           1107 ;	genCall
   02D2 8A 82              1108 	mov	dpl,r2
   02D4 C0 02              1109 	push	ar2
   02D6 12s00r00           1110 	lcall	_putchar
   02D9 D0 02              1111 	pop	ar2
                           1112 ;	main.c:111: handleInput(c);
                           1113 ;	genCall
   02DB 8A 82              1114 	mov	dpl,r2
   02DD 12s00rCA           1115 	lcall	_handleInput
                           1116 ;	Peephole 112.b	changed ljmp to sjmp
   02E0 80 DE              1117 	sjmp	00104$
                           1118 ;	Peephole 259.a	removed redundant label 00106$ and ret
                           1119 ;
                           1120 	.area CSEG    (CODE)
                           1121 	.area CONST   (CODE)
   0000                    1122 __str_0:
   0000 0D                 1123 	.db 0x0D
   0001 0A                 1124 	.db 0x0A
   0002 2A 2A 2A 2A 2A 2A  1125 	.ascii "***************"
        2A 2A 2A 2A 2A 2A
        2A 2A 2A
   0011 00                 1126 	.db 0x00
   0012                    1127 __str_1:
   0012 0D                 1128 	.db 0x0D
   0013 0A                 1129 	.db 0x0A
   0014 20 20 20 20 4D 65  1130 	.ascii "    Menu"
        6E 75
   001C 0D                 1131 	.db 0x0D
   001D 0A                 1132 	.db 0x0A
   001E 00                 1133 	.db 0x00
   001F                    1134 __str_2:
   001F 0D                 1135 	.db 0x0D
   0020 0A                 1136 	.db 0x0A
   0021 50 72 65 73 73 20  1137 	.ascii "Press 'H' to show this menu"
        27 48 27 20 74 6F
        20 73 68 6F 77 20
        74 68 69 73 20 6D
        65 6E 75
   003C 00                 1138 	.db 0x00
   003D                    1139 __str_3:
   003D 0D                 1140 	.db 0x0D
   003E 0A                 1141 	.db 0x0A
   003F 50 72 65 73 73 20  1142 	.ascii "Press 'I' to Init LCD. Must call this first"
        27 49 27 20 74 6F
        20 49 6E 69 74 20
        4C 43 44 2E 20 4D
        75 73 74 20 63 61
        6C 6C 20 74 68 69
        73 20 66 69 72 73
        74
   006A 00                 1143 	.db 0x00
   006B                    1144 __str_4:
   006B 0D                 1145 	.db 0x0D
   006C 0A                 1146 	.db 0x0A
   006D 50 72 65 73 73 20  1147 	.ascii "Press 'g' to show gotoaddr. Will go to address 0x40, which"
        27 67 27 20 74 6F
        20 73 68 6F 77 20
        67 6F 74 6F 61 64
        64 72 2E 20 57 69
        6C 6C 20 67 6F 20
        74 6F 20 61 64 64
        72 65 73 73 20 30
        78 34 30 2C 20 77
        68 69 63 68
   00A7 20 69 73 20 73 74  1148 	.ascii " is start of line 2"
        61 72 74 20 6F 66
        20 6C 69 6E 65 20
        32
   00BA 00                 1149 	.db 0x00
   00BB                    1150 __str_5:
   00BB 0D                 1151 	.db 0x0D
   00BC 0A                 1152 	.db 0x0A
   00BD 50 72 65 73 73 20  1153 	.ascii "Press 'x' to show gotoxy."
        27 78 27 20 74 6F
        20 73 68 6F 77 20
        67 6F 74 6F 78 79
        2E
   00D6 00                 1154 	.db 0x00
   00D7                    1155 __str_6:
   00D7 0D                 1156 	.db 0x0D
   00D8 0A                 1157 	.db 0x0A
   00D9 50 72 65 73 73 20  1158 	.ascii "Press 'c' to show putch. Will draw a character at the star"
        27 63 27 20 74 6F
        20 73 68 6F 77 20
        70 75 74 63 68 2E
        20 57 69 6C 6C 20
        64 72 61 77 20 61
        20 63 68 61 72 61
        63 74 65 72 20 61
        74 20 74 68 65 20
        73 74 61 72
   0113 74 20 6F 66 20 65  1159 	.ascii "t of each line"
        61 63 68 20 6C 69
        6E 65
   0121 00                 1160 	.db 0x00
   0122                    1161 __str_7:
   0122 0D                 1162 	.db 0x0D
   0123 0A                 1163 	.db 0x0A
   0124 50 72 65 73 73 20  1164 	.ascii "Press 's' to show putstr. Will fill entire LCD with a stri"
        27 73 27 20 74 6F
        20 73 68 6F 77 20
        70 75 74 73 74 72
        2E 20 57 69 6C 6C
        20 66 69 6C 6C 20
        65 6E 74 69 72 65
        20 4C 43 44 20 77
        69 74 68 20 61 20
        73 74 72 69
   015E 6E 67              1165 	.ascii "ng"
   0160 0D                 1166 	.db 0x0D
   0161 0A                 1167 	.db 0x0A
   0162 00                 1168 	.db 0x00
   0163                    1169 __str_8:
   0163 0D                 1170 	.db 0x0D
   0164 0A                 1171 	.db 0x0A
   0165 49 6E 69 74 69 61  1172 	.ascii "Initializing LCD"
        6C 69 7A 69 6E 67
        20 4C 43 44
   0175 0D                 1173 	.db 0x0D
   0176 0A                 1174 	.db 0x0A
   0177 00                 1175 	.db 0x00
   0178                    1176 __str_9:
   0178 0D                 1177 	.db 0x0D
   0179 0A                 1178 	.db 0x0A
   017A 4D 6F 76 65 64 20  1179 	.ascii "Moved cursor to start of line 2"
        63 75 72 73 6F 72
        20 74 6F 20 73 74
        61 72 74 20 6F 66
        20 6C 69 6E 65 20
        32
   0199 0D                 1180 	.db 0x0D
   019A 0A                 1181 	.db 0x0A
   019B 00                 1182 	.db 0x00
   019C                    1183 __str_10:
   019C 0D                 1184 	.db 0x0D
   019D 0A                 1185 	.db 0x0A
   019E 45 6E 74 65 72 20  1186 	.ascii "Enter a row from 0-3:"
        61 20 72 6F 77 20
        66 72 6F 6D 20 30
        2D 33 3A
   01B3 00                 1187 	.db 0x00
   01B4                    1188 __str_11:
   01B4 0D                 1189 	.db 0x0D
   01B5 0A                 1190 	.db 0x0A
   01B6 45 6E 74 65 72 20  1191 	.ascii "Enter a col from 0-15:"
        61 20 63 6F 6C 20
        66 72 6F 6D 20 30
        2D 31 35 3A
   01CC 00                 1192 	.db 0x00
   01CD                    1193 __str_12:
   01CD 0D                 1194 	.db 0x0D
   01CE 0A                 1195 	.db 0x0A
   01CF 4D 6F 76 65 64 20  1196 	.ascii "Moved cursor to new location (%d,%d)"
        63 75 72 73 6F 72
        20 74 6F 20 6E 65
        77 20 6C 6F 63 61
        74 69 6F 6E 20 28
        25 64 2C 25 64 29
   01F3 0D                 1197 	.db 0x0D
   01F4 0A                 1198 	.db 0x0A
   01F5 00                 1199 	.db 0x00
   01F6                    1200 __str_13:
   01F6 0D                 1201 	.db 0x0D
   01F7 0A                 1202 	.db 0x0A
   01F8 55 70 64 61 74 69  1203 	.ascii "Updating first character of each line"
        6E 67 20 66 69 72
        73 74 20 63 68 61
        72 61 63 74 65 72
        20 6F 66 20 65 61
        63 68 20 6C 69 6E
        65
   021D 0D                 1204 	.db 0x0D
   021E 0A                 1205 	.db 0x0A
   021F 00                 1206 	.db 0x00
   0220                    1207 __str_14:
   0220 0D                 1208 	.db 0x0D
   0221 57 72 69 74 69 6E  1209 	.ascii "Writing a string to LCD"
        67 20 61 20 73 74
        72 69 6E 67 20 74
        6F 20 4C 43 44
   0238 0D                 1210 	.db 0x0D
   0239 0A                 1211 	.db 0x0A
   023A 00                 1212 	.db 0x00
   023B                    1213 __str_15:
   023B 61 62 63 64 65 66  1214 	.ascii "abcdefghijklnopqrstuvwxyz123456789abcdefghijklmnopqrstuvwxyz"
        67 68 69 6A 6B 6C
        6E 6F 70 71 72 73
        74 75 76 77 78 79
        7A 31 32 33 34 35
        36 37 38 39 61 62
        63 64 65 66 67 68
        69 6A 6B 6C 6D 6E
        6F 70 71 72 73 74
        75 76 77 78 79 7A
   0277 31 32 33 34 35 36  1215 	.ascii "12345678987654321"
        37 38 39 38 37 36
        35 34 33 32 31
   0288 00                 1216 	.db 0x00
                           1217 	.area XINIT   (CODE)
