                              1 ;--------------------------------------------------------
                              2 ; File Created by SDCC : FreeWare ANSI-C Compiler
                              3 ; Version 2.6.0 #4309 (Jul 28 2006)
                              4 ; This file generated Sun Nov 13 23:08:03 2016
                              5 ;--------------------------------------------------------
                              6 	.module serial
                              7 	.optsdcc -mmcs51 --model-large
                              8 	
                              9 ;--------------------------------------------------------
                             10 ; Public variables in this module
                             11 ;--------------------------------------------------------
                             12 	.globl _getstring
                             13 	.globl _P5_7
                             14 	.globl _P5_6
                             15 	.globl _P5_5
                             16 	.globl _P5_4
                             17 	.globl _P5_3
                             18 	.globl _P5_2
                             19 	.globl _P5_1
                             20 	.globl _P5_0
                             21 	.globl _P4_7
                             22 	.globl _P4_6
                             23 	.globl _P4_5
                             24 	.globl _P4_4
                             25 	.globl _P4_3
                             26 	.globl _P4_2
                             27 	.globl _P4_1
                             28 	.globl _P4_0
                             29 	.globl _PX0L
                             30 	.globl _PT0L
                             31 	.globl _PX1L
                             32 	.globl _PT1L
                             33 	.globl _PLS
                             34 	.globl _PT2L
                             35 	.globl _PPCL
                             36 	.globl _EC
                             37 	.globl _CCF0
                             38 	.globl _CCF1
                             39 	.globl _CCF2
                             40 	.globl _CCF3
                             41 	.globl _CCF4
                             42 	.globl _CR
                             43 	.globl _CF
                             44 	.globl _TF2
                             45 	.globl _EXF2
                             46 	.globl _RCLK
                             47 	.globl _TCLK
                             48 	.globl _EXEN2
                             49 	.globl _TR2
                             50 	.globl _C_T2
                             51 	.globl _CP_RL2
                             52 	.globl _T2CON_7
                             53 	.globl _T2CON_6
                             54 	.globl _T2CON_5
                             55 	.globl _T2CON_4
                             56 	.globl _T2CON_3
                             57 	.globl _T2CON_2
                             58 	.globl _T2CON_1
                             59 	.globl _T2CON_0
                             60 	.globl _PT2
                             61 	.globl _ET2
                             62 	.globl _CY
                             63 	.globl _AC
                             64 	.globl _F0
                             65 	.globl _RS1
                             66 	.globl _RS0
                             67 	.globl _OV
                             68 	.globl _F1
                             69 	.globl _P
                             70 	.globl _PS
                             71 	.globl _PT1
                             72 	.globl _PX1
                             73 	.globl _PT0
                             74 	.globl _PX0
                             75 	.globl _RD
                             76 	.globl _WR
                             77 	.globl _T1
                             78 	.globl _T0
                             79 	.globl _INT1
                             80 	.globl _INT0
                             81 	.globl _TXD
                             82 	.globl _RXD
                             83 	.globl _P3_7
                             84 	.globl _P3_6
                             85 	.globl _P3_5
                             86 	.globl _P3_4
                             87 	.globl _P3_3
                             88 	.globl _P3_2
                             89 	.globl _P3_1
                             90 	.globl _P3_0
                             91 	.globl _EA
                             92 	.globl _ES
                             93 	.globl _ET1
                             94 	.globl _EX1
                             95 	.globl _ET0
                             96 	.globl _EX0
                             97 	.globl _P2_7
                             98 	.globl _P2_6
                             99 	.globl _P2_5
                            100 	.globl _P2_4
                            101 	.globl _P2_3
                            102 	.globl _P2_2
                            103 	.globl _P2_1
                            104 	.globl _P2_0
                            105 	.globl _SM0
                            106 	.globl _SM1
                            107 	.globl _SM2
                            108 	.globl _REN
                            109 	.globl _TB8
                            110 	.globl _RB8
                            111 	.globl _TI
                            112 	.globl _RI
                            113 	.globl _P1_7
                            114 	.globl _P1_6
                            115 	.globl _P1_5
                            116 	.globl _P1_4
                            117 	.globl _P1_3
                            118 	.globl _P1_2
                            119 	.globl _P1_1
                            120 	.globl _P1_0
                            121 	.globl _TF1
                            122 	.globl _TR1
                            123 	.globl _TF0
                            124 	.globl _TR0
                            125 	.globl _IE1
                            126 	.globl _IT1
                            127 	.globl _IE0
                            128 	.globl _IT0
                            129 	.globl _P0_7
                            130 	.globl _P0_6
                            131 	.globl _P0_5
                            132 	.globl _P0_4
                            133 	.globl _P0_3
                            134 	.globl _P0_2
                            135 	.globl _P0_1
                            136 	.globl _P0_0
                            137 	.globl _EECON
                            138 	.globl _KBF
                            139 	.globl _KBE
                            140 	.globl _KBLS
                            141 	.globl _BRL
                            142 	.globl _BDRCON
                            143 	.globl _T2MOD
                            144 	.globl _SPDAT
                            145 	.globl _SPSTA
                            146 	.globl _SPCON
                            147 	.globl _SADEN
                            148 	.globl _SADDR
                            149 	.globl _WDTPRG
                            150 	.globl _WDTRST
                            151 	.globl _P5
                            152 	.globl _P4
                            153 	.globl _IPH1
                            154 	.globl _IPL1
                            155 	.globl _IPH0
                            156 	.globl _IPL0
                            157 	.globl _IEN1
                            158 	.globl _IEN0
                            159 	.globl _CMOD
                            160 	.globl _CL
                            161 	.globl _CH
                            162 	.globl _CCON
                            163 	.globl _CCAPM4
                            164 	.globl _CCAPM3
                            165 	.globl _CCAPM2
                            166 	.globl _CCAPM1
                            167 	.globl _CCAPM0
                            168 	.globl _CCAP4L
                            169 	.globl _CCAP3L
                            170 	.globl _CCAP2L
                            171 	.globl _CCAP1L
                            172 	.globl _CCAP0L
                            173 	.globl _CCAP4H
                            174 	.globl _CCAP3H
                            175 	.globl _CCAP2H
                            176 	.globl _CCAP1H
                            177 	.globl _CCAP0H
                            178 	.globl _CKCKON1
                            179 	.globl _CKCKON0
                            180 	.globl _CKRL
                            181 	.globl _AUXR1
                            182 	.globl _AUXR
                            183 	.globl _TH2
                            184 	.globl _TL2
                            185 	.globl _RCAP2H
                            186 	.globl _RCAP2L
                            187 	.globl _T2CON
                            188 	.globl _B
                            189 	.globl _ACC
                            190 	.globl _PSW
                            191 	.globl _IP
                            192 	.globl _P3
                            193 	.globl _IE
                            194 	.globl _P2
                            195 	.globl _SBUF
                            196 	.globl _SCON
                            197 	.globl _P1
                            198 	.globl _TH1
                            199 	.globl _TH0
                            200 	.globl _TL1
                            201 	.globl _TL0
                            202 	.globl _TMOD
                            203 	.globl _TCON
                            204 	.globl _PCON
                            205 	.globl _DPH
                            206 	.globl _DPL
                            207 	.globl _SP
                            208 	.globl _P0
                            209 	.globl _getstring_PARM_2
                            210 	.globl _putchar
                            211 	.globl _getchar
                            212 	.globl _Serial_GetInteger
                            213 	.globl _Serial_GetHex
                            214 	.globl _Serial_Init
                            215 ;--------------------------------------------------------
                            216 ; special function registers
                            217 ;--------------------------------------------------------
                            218 	.area RSEG    (DATA)
                    0080    219 _P0	=	0x0080
                    0081    220 _SP	=	0x0081
                    0082    221 _DPL	=	0x0082
                    0083    222 _DPH	=	0x0083
                    0087    223 _PCON	=	0x0087
                    0088    224 _TCON	=	0x0088
                    0089    225 _TMOD	=	0x0089
                    008A    226 _TL0	=	0x008a
                    008B    227 _TL1	=	0x008b
                    008C    228 _TH0	=	0x008c
                    008D    229 _TH1	=	0x008d
                    0090    230 _P1	=	0x0090
                    0098    231 _SCON	=	0x0098
                    0099    232 _SBUF	=	0x0099
                    00A0    233 _P2	=	0x00a0
                    00A8    234 _IE	=	0x00a8
                    00B0    235 _P3	=	0x00b0
                    00B8    236 _IP	=	0x00b8
                    00D0    237 _PSW	=	0x00d0
                    00E0    238 _ACC	=	0x00e0
                    00F0    239 _B	=	0x00f0
                    00C8    240 _T2CON	=	0x00c8
                    00CA    241 _RCAP2L	=	0x00ca
                    00CB    242 _RCAP2H	=	0x00cb
                    00CC    243 _TL2	=	0x00cc
                    00CD    244 _TH2	=	0x00cd
                    008E    245 _AUXR	=	0x008e
                    00A2    246 _AUXR1	=	0x00a2
                    0097    247 _CKRL	=	0x0097
                    008F    248 _CKCKON0	=	0x008f
                    008F    249 _CKCKON1	=	0x008f
                    00FA    250 _CCAP0H	=	0x00fa
                    00FB    251 _CCAP1H	=	0x00fb
                    00FC    252 _CCAP2H	=	0x00fc
                    00FD    253 _CCAP3H	=	0x00fd
                    00FE    254 _CCAP4H	=	0x00fe
                    00EA    255 _CCAP0L	=	0x00ea
                    00EB    256 _CCAP1L	=	0x00eb
                    00EC    257 _CCAP2L	=	0x00ec
                    00ED    258 _CCAP3L	=	0x00ed
                    00EE    259 _CCAP4L	=	0x00ee
                    00DA    260 _CCAPM0	=	0x00da
                    00DB    261 _CCAPM1	=	0x00db
                    00DC    262 _CCAPM2	=	0x00dc
                    00DD    263 _CCAPM3	=	0x00dd
                    00DE    264 _CCAPM4	=	0x00de
                    00D8    265 _CCON	=	0x00d8
                    00F9    266 _CH	=	0x00f9
                    00E9    267 _CL	=	0x00e9
                    00D9    268 _CMOD	=	0x00d9
                    00A8    269 _IEN0	=	0x00a8
                    00B1    270 _IEN1	=	0x00b1
                    00B8    271 _IPL0	=	0x00b8
                    00B7    272 _IPH0	=	0x00b7
                    00B2    273 _IPL1	=	0x00b2
                    00B3    274 _IPH1	=	0x00b3
                    00C0    275 _P4	=	0x00c0
                    00D8    276 _P5	=	0x00d8
                    00A6    277 _WDTRST	=	0x00a6
                    00A7    278 _WDTPRG	=	0x00a7
                    00A9    279 _SADDR	=	0x00a9
                    00B9    280 _SADEN	=	0x00b9
                    00C3    281 _SPCON	=	0x00c3
                    00C4    282 _SPSTA	=	0x00c4
                    00C5    283 _SPDAT	=	0x00c5
                    00C9    284 _T2MOD	=	0x00c9
                    009B    285 _BDRCON	=	0x009b
                    009A    286 _BRL	=	0x009a
                    009C    287 _KBLS	=	0x009c
                    009D    288 _KBE	=	0x009d
                    009E    289 _KBF	=	0x009e
                    00D2    290 _EECON	=	0x00d2
                            291 ;--------------------------------------------------------
                            292 ; special function bits
                            293 ;--------------------------------------------------------
                            294 	.area RSEG    (DATA)
                    0080    295 _P0_0	=	0x0080
                    0081    296 _P0_1	=	0x0081
                    0082    297 _P0_2	=	0x0082
                    0083    298 _P0_3	=	0x0083
                    0084    299 _P0_4	=	0x0084
                    0085    300 _P0_5	=	0x0085
                    0086    301 _P0_6	=	0x0086
                    0087    302 _P0_7	=	0x0087
                    0088    303 _IT0	=	0x0088
                    0089    304 _IE0	=	0x0089
                    008A    305 _IT1	=	0x008a
                    008B    306 _IE1	=	0x008b
                    008C    307 _TR0	=	0x008c
                    008D    308 _TF0	=	0x008d
                    008E    309 _TR1	=	0x008e
                    008F    310 _TF1	=	0x008f
                    0090    311 _P1_0	=	0x0090
                    0091    312 _P1_1	=	0x0091
                    0092    313 _P1_2	=	0x0092
                    0093    314 _P1_3	=	0x0093
                    0094    315 _P1_4	=	0x0094
                    0095    316 _P1_5	=	0x0095
                    0096    317 _P1_6	=	0x0096
                    0097    318 _P1_7	=	0x0097
                    0098    319 _RI	=	0x0098
                    0099    320 _TI	=	0x0099
                    009A    321 _RB8	=	0x009a
                    009B    322 _TB8	=	0x009b
                    009C    323 _REN	=	0x009c
                    009D    324 _SM2	=	0x009d
                    009E    325 _SM1	=	0x009e
                    009F    326 _SM0	=	0x009f
                    00A0    327 _P2_0	=	0x00a0
                    00A1    328 _P2_1	=	0x00a1
                    00A2    329 _P2_2	=	0x00a2
                    00A3    330 _P2_3	=	0x00a3
                    00A4    331 _P2_4	=	0x00a4
                    00A5    332 _P2_5	=	0x00a5
                    00A6    333 _P2_6	=	0x00a6
                    00A7    334 _P2_7	=	0x00a7
                    00A8    335 _EX0	=	0x00a8
                    00A9    336 _ET0	=	0x00a9
                    00AA    337 _EX1	=	0x00aa
                    00AB    338 _ET1	=	0x00ab
                    00AC    339 _ES	=	0x00ac
                    00AF    340 _EA	=	0x00af
                    00B0    341 _P3_0	=	0x00b0
                    00B1    342 _P3_1	=	0x00b1
                    00B2    343 _P3_2	=	0x00b2
                    00B3    344 _P3_3	=	0x00b3
                    00B4    345 _P3_4	=	0x00b4
                    00B5    346 _P3_5	=	0x00b5
                    00B6    347 _P3_6	=	0x00b6
                    00B7    348 _P3_7	=	0x00b7
                    00B0    349 _RXD	=	0x00b0
                    00B1    350 _TXD	=	0x00b1
                    00B2    351 _INT0	=	0x00b2
                    00B3    352 _INT1	=	0x00b3
                    00B4    353 _T0	=	0x00b4
                    00B5    354 _T1	=	0x00b5
                    00B6    355 _WR	=	0x00b6
                    00B7    356 _RD	=	0x00b7
                    00B8    357 _PX0	=	0x00b8
                    00B9    358 _PT0	=	0x00b9
                    00BA    359 _PX1	=	0x00ba
                    00BB    360 _PT1	=	0x00bb
                    00BC    361 _PS	=	0x00bc
                    00D0    362 _P	=	0x00d0
                    00D1    363 _F1	=	0x00d1
                    00D2    364 _OV	=	0x00d2
                    00D3    365 _RS0	=	0x00d3
                    00D4    366 _RS1	=	0x00d4
                    00D5    367 _F0	=	0x00d5
                    00D6    368 _AC	=	0x00d6
                    00D7    369 _CY	=	0x00d7
                    00AD    370 _ET2	=	0x00ad
                    00BD    371 _PT2	=	0x00bd
                    00C8    372 _T2CON_0	=	0x00c8
                    00C9    373 _T2CON_1	=	0x00c9
                    00CA    374 _T2CON_2	=	0x00ca
                    00CB    375 _T2CON_3	=	0x00cb
                    00CC    376 _T2CON_4	=	0x00cc
                    00CD    377 _T2CON_5	=	0x00cd
                    00CE    378 _T2CON_6	=	0x00ce
                    00CF    379 _T2CON_7	=	0x00cf
                    00C8    380 _CP_RL2	=	0x00c8
                    00C9    381 _C_T2	=	0x00c9
                    00CA    382 _TR2	=	0x00ca
                    00CB    383 _EXEN2	=	0x00cb
                    00CC    384 _TCLK	=	0x00cc
                    00CD    385 _RCLK	=	0x00cd
                    00CE    386 _EXF2	=	0x00ce
                    00CF    387 _TF2	=	0x00cf
                    00DF    388 _CF	=	0x00df
                    00DE    389 _CR	=	0x00de
                    00DC    390 _CCF4	=	0x00dc
                    00DB    391 _CCF3	=	0x00db
                    00DA    392 _CCF2	=	0x00da
                    00D9    393 _CCF1	=	0x00d9
                    00D8    394 _CCF0	=	0x00d8
                    00AE    395 _EC	=	0x00ae
                    00BE    396 _PPCL	=	0x00be
                    00BD    397 _PT2L	=	0x00bd
                    00BC    398 _PLS	=	0x00bc
                    00BB    399 _PT1L	=	0x00bb
                    00BA    400 _PX1L	=	0x00ba
                    00B9    401 _PT0L	=	0x00b9
                    00B8    402 _PX0L	=	0x00b8
                    00C0    403 _P4_0	=	0x00c0
                    00C1    404 _P4_1	=	0x00c1
                    00C2    405 _P4_2	=	0x00c2
                    00C3    406 _P4_3	=	0x00c3
                    00C4    407 _P4_4	=	0x00c4
                    00C5    408 _P4_5	=	0x00c5
                    00C6    409 _P4_6	=	0x00c6
                    00C7    410 _P4_7	=	0x00c7
                    00D8    411 _P5_0	=	0x00d8
                    00D9    412 _P5_1	=	0x00d9
                    00DA    413 _P5_2	=	0x00da
                    00DB    414 _P5_3	=	0x00db
                    00DC    415 _P5_4	=	0x00dc
                    00DD    416 _P5_5	=	0x00dd
                    00DE    417 _P5_6	=	0x00de
                    00DF    418 _P5_7	=	0x00df
                            419 ;--------------------------------------------------------
                            420 ; overlayable register banks
                            421 ;--------------------------------------------------------
                            422 	.area REG_BANK_0	(REL,OVR,DATA)
   0000                     423 	.ds 8
                            424 ;--------------------------------------------------------
                            425 ; internal ram data
                            426 ;--------------------------------------------------------
                            427 	.area DSEG    (DATA)
   0000                     428 _getstring_sloc0_1_0:
   0000                     429 	.ds 3
                            430 ;--------------------------------------------------------
                            431 ; overlayable items in internal ram 
                            432 ;--------------------------------------------------------
                            433 	.area OSEG    (OVR,DATA)
                            434 ;--------------------------------------------------------
                            435 ; indirectly addressable internal ram data
                            436 ;--------------------------------------------------------
                            437 	.area ISEG    (DATA)
                            438 ;--------------------------------------------------------
                            439 ; bit data
                            440 ;--------------------------------------------------------
                            441 	.area BSEG    (BIT)
                            442 ;--------------------------------------------------------
                            443 ; paged external ram data
                            444 ;--------------------------------------------------------
                            445 	.area PSEG    (PAG,XDATA)
                            446 ;--------------------------------------------------------
                            447 ; external ram data
                            448 ;--------------------------------------------------------
                            449 	.area XSEG    (XDATA)
   0000                     450 _putchar_c_1_1:
   0000                     451 	.ds 1
   0001                     452 _Serial_GetInteger_max_length_1_1:
   0001                     453 	.ds 2
   0003                     454 _Serial_GetInteger_buf_1_1:
   0003                     455 	.ds 11
   000E                     456 _Serial_GetInteger_index_1_1:
   000E                     457 	.ds 2
   0010                     458 _Serial_GetHex_c_1_1:
   0010                     459 	.ds 1
   0011                     460 _Serial_GetHex_buf_1_1:
   0011                     461 	.ds 2
   0013                     462 _Serial_GetHex_index_1_1:
   0013                     463 	.ds 2
   0015                     464 _Serial_GetHex_result_1_1:
   0015                     465 	.ds 1
   0016                     466 _Serial_GetHex_num_1_1:
   0016                     467 	.ds 1
   0017                     468 _getstring_PARM_2:
   0017                     469 	.ds 2
   0019                     470 _getstring_buf_1_1:
   0019                     471 	.ds 3
   001C                     472 _getstring_c_1_1:
   001C                     473 	.ds 1
                            474 ;--------------------------------------------------------
                            475 ; external initialized ram data
                            476 ;--------------------------------------------------------
                            477 	.area XISEG   (XDATA)
                            478 	.area HOME    (CODE)
                            479 	.area GSINIT0 (CODE)
                            480 	.area GSINIT1 (CODE)
                            481 	.area GSINIT2 (CODE)
                            482 	.area GSINIT3 (CODE)
                            483 	.area GSINIT4 (CODE)
                            484 	.area GSINIT5 (CODE)
                            485 	.area GSINIT  (CODE)
                            486 	.area GSFINAL (CODE)
                            487 	.area CSEG    (CODE)
                            488 ;--------------------------------------------------------
                            489 ; global & static initialisations
                            490 ;--------------------------------------------------------
                            491 	.area HOME    (CODE)
                            492 	.area GSINIT  (CODE)
                            493 	.area GSFINAL (CODE)
                            494 	.area GSINIT  (CODE)
                            495 ;--------------------------------------------------------
                            496 ; Home
                            497 ;--------------------------------------------------------
                            498 	.area HOME    (CODE)
                            499 	.area CSEG    (CODE)
                            500 ;--------------------------------------------------------
                            501 ; code
                            502 ;--------------------------------------------------------
                            503 	.area CSEG    (CODE)
                            504 ;------------------------------------------------------------
                            505 ;Allocation info for local variables in function 'putchar'
                            506 ;------------------------------------------------------------
                            507 ;c                         Allocated with name '_putchar_c_1_1'
                            508 ;------------------------------------------------------------
                            509 ;	serial.c:25: void putchar (char c){
                            510 ;	-----------------------------------------
                            511 ;	 function putchar
                            512 ;	-----------------------------------------
   0000                     513 _putchar:
                    0002    514 	ar2 = 0x02
                    0003    515 	ar3 = 0x03
                    0004    516 	ar4 = 0x04
                    0005    517 	ar5 = 0x05
                    0006    518 	ar6 = 0x06
                    0007    519 	ar7 = 0x07
                    0000    520 	ar0 = 0x00
                    0001    521 	ar1 = 0x01
                            522 ;	genReceive
   0000 E5 82               523 	mov	a,dpl
   0002 90s00r00            524 	mov	dptr,#_putchar_c_1_1
   0005 F0                  525 	movx	@dptr,a
                            526 ;	serial.c:26: while (TI == 0);
   0006                     527 00101$:
                            528 ;	genIfx
                            529 ;	genIfxJump
                            530 ;	Peephole 108.d	removed ljmp by inverse jump logic
   0006 30 99 FD            531 	jnb	_TI,00101$
                            532 ;	Peephole 300	removed redundant label 00108$
                            533 ;	serial.c:27: Watchdog_Reset();
                            534 ;	genCall
   0009 12s00r00            535 	lcall	_Watchdog_Reset
                            536 ;	serial.c:28: SBUF = c; // load serial port with transmit value
                            537 ;	genAssign
   000C 90s00r00            538 	mov	dptr,#_putchar_c_1_1
   000F E0                  539 	movx	a,@dptr
   0010 F5 99               540 	mov	_SBUF,a
                            541 ;	serial.c:29: TI = 0; // clear TI flag
                            542 ;	genAssign
   0012 C2 99               543 	clr	_TI
                            544 ;	Peephole 300	removed redundant label 00104$
   0014 22                  545 	ret
                            546 ;------------------------------------------------------------
                            547 ;Allocation info for local variables in function 'getchar'
                            548 ;------------------------------------------------------------
                            549 ;------------------------------------------------------------
                            550 ;	serial.c:32: char getchar (){
                            551 ;	-----------------------------------------
                            552 ;	 function getchar
                            553 ;	-----------------------------------------
   0015                     554 _getchar:
                            555 ;	serial.c:34: while (RI == 0){
   0015                     556 00101$:
                            557 ;	genIfx
                            558 ;	genIfxJump
                            559 ;	Peephole 108.e	removed ljmp by inverse jump logic
   0015 20 98 05            560 	jb	_RI,00103$
                            561 ;	Peephole 300	removed redundant label 00108$
                            562 ;	serial.c:35: Watchdog_Reset();
                            563 ;	genCall
   0018 12s00r00            564 	lcall	_Watchdog_Reset
                            565 ;	Peephole 112.b	changed ljmp to sjmp
   001B 80 F8               566 	sjmp	00101$
   001D                     567 00103$:
                            568 ;	serial.c:37: RI = 0; // clear RI flag
                            569 ;	genAssign
   001D C2 98               570 	clr	_RI
                            571 ;	serial.c:38: return SBUF; // return character from SBUF
                            572 ;	genAssign
   001F AA 99               573 	mov	r2,_SBUF
                            574 ;	genRet
   0021 8A 82               575 	mov	dpl,r2
                            576 ;	Peephole 300	removed redundant label 00104$
   0023 22                  577 	ret
                            578 ;------------------------------------------------------------
                            579 ;Allocation info for local variables in function 'Serial_GetInteger'
                            580 ;------------------------------------------------------------
                            581 ;max_length                Allocated with name '_Serial_GetInteger_max_length_1_1'
                            582 ;c                         Allocated with name '_Serial_GetInteger_c_1_1'
                            583 ;buf                       Allocated with name '_Serial_GetInteger_buf_1_1'
                            584 ;index                     Allocated with name '_Serial_GetInteger_index_1_1'
                            585 ;------------------------------------------------------------
                            586 ;	serial.c:47: int Serial_GetInteger(int max_length){
                            587 ;	-----------------------------------------
                            588 ;	 function Serial_GetInteger
                            589 ;	-----------------------------------------
   0024                     590 _Serial_GetInteger:
                            591 ;	genReceive
   0024 AA 83               592 	mov	r2,dph
   0026 E5 82               593 	mov	a,dpl
   0028 90s00r01            594 	mov	dptr,#_Serial_GetInteger_max_length_1_1
   002B F0                  595 	movx	@dptr,a
   002C A3                  596 	inc	dptr
   002D EA                  597 	mov	a,r2
   002E F0                  598 	movx	@dptr,a
                            599 ;	serial.c:50: int index = 0;
                            600 ;	genAssign
   002F 90s00r0E            601 	mov	dptr,#_Serial_GetInteger_index_1_1
   0032 E4                  602 	clr	a
   0033 F0                  603 	movx	@dptr,a
   0034 A3                  604 	inc	dptr
   0035 F0                  605 	movx	@dptr,a
                            606 ;	serial.c:52: if (max_length > 10){
                            607 ;	genAssign
   0036 90s00r01            608 	mov	dptr,#_Serial_GetInteger_max_length_1_1
   0039 E0                  609 	movx	a,@dptr
   003A FA                  610 	mov	r2,a
   003B A3                  611 	inc	dptr
   003C E0                  612 	movx	a,@dptr
   003D FB                  613 	mov	r3,a
                            614 ;	genCmpGt
                            615 ;	genCmp
   003E C3                  616 	clr	c
   003F 74 0A               617 	mov	a,#0x0A
   0041 9A                  618 	subb	a,r2
                            619 ;	Peephole 159	avoided xrl during execution
   0042 74 80               620 	mov	a,#(0x00 ^ 0x80)
   0044 8B F0               621 	mov	b,r3
   0046 63 F0 80            622 	xrl	b,#0x80
   0049 95 F0               623 	subb	a,b
                            624 ;	genIfxJump
                            625 ;	Peephole 108.a	removed ljmp by inverse jump logic
   004B 50 19               626 	jnc	00125$
                            627 ;	Peephole 300	removed redundant label 00128$
                            628 ;	serial.c:53: printf("Serial_getInteger(): Error. Max_Length too large.");
                            629 ;	genIpush
   004D 74r00               630 	mov	a,#__str_0
   004F C0 E0               631 	push	acc
   0051 74s00               632 	mov	a,#(__str_0 >> 8)
   0053 C0 E0               633 	push	acc
   0055 74 80               634 	mov	a,#0x80
   0057 C0 E0               635 	push	acc
                            636 ;	genCall
   0059 12s00r00            637 	lcall	_printf
   005C 15 81               638 	dec	sp
   005E 15 81               639 	dec	sp
   0060 15 81               640 	dec	sp
                            641 ;	serial.c:54: return -1;
                            642 ;	genRet
                            643 ;	Peephole 182.b	used 16 bit load of dptr
   0062 90 FF FF            644 	mov	dptr,#0xFFFF
                            645 ;	Peephole 251.a	replaced ljmp to ret with ret
   0065 22                  646 	ret
                            647 ;	serial.c:57: while (index < max_length ){
   0066                     648 00125$:
                            649 ;	genAssign
   0066                     650 00116$:
                            651 ;	genAssign
   0066 90s00r0E            652 	mov	dptr,#_Serial_GetInteger_index_1_1
   0069 E0                  653 	movx	a,@dptr
   006A FC                  654 	mov	r4,a
   006B A3                  655 	inc	dptr
   006C E0                  656 	movx	a,@dptr
   006D FD                  657 	mov	r5,a
                            658 ;	genCmpLt
                            659 ;	genCmp
   006E C3                  660 	clr	c
   006F EC                  661 	mov	a,r4
   0070 9A                  662 	subb	a,r2
   0071 ED                  663 	mov	a,r5
   0072 64 80               664 	xrl	a,#0x80
   0074 8B F0               665 	mov	b,r3
   0076 63 F0 80            666 	xrl	b,#0x80
   0079 95 F0               667 	subb	a,b
                            668 ;	genIfxJump
   007B 40 03               669 	jc	00129$
   007D 02s01r32            670 	ljmp	00118$
   0080                     671 00129$:
                            672 ;	serial.c:58: c = getchar();
                            673 ;	genCall
   0080 C0 02               674 	push	ar2
   0082 C0 03               675 	push	ar3
   0084 C0 04               676 	push	ar4
   0086 C0 05               677 	push	ar5
   0088 12s00r15            678 	lcall	_getchar
   008B AE 82               679 	mov	r6,dpl
   008D D0 05               680 	pop	ar5
   008F D0 04               681 	pop	ar4
   0091 D0 03               682 	pop	ar3
   0093 D0 02               683 	pop	ar2
                            684 ;	serial.c:59: putchar(c);
                            685 ;	genCall
   0095 8E 82               686 	mov	dpl,r6
   0097 C0 02               687 	push	ar2
   0099 C0 03               688 	push	ar3
   009B C0 04               689 	push	ar4
   009D C0 05               690 	push	ar5
   009F C0 06               691 	push	ar6
   00A1 12s00r00            692 	lcall	_putchar
   00A4 D0 06               693 	pop	ar6
   00A6 D0 05               694 	pop	ar5
   00A8 D0 04               695 	pop	ar4
   00AA D0 03               696 	pop	ar3
   00AC D0 02               697 	pop	ar2
                            698 ;	serial.c:60: if (c == ENTER_KEY){
                            699 ;	genCmpEq
                            700 ;	gencjneshort
                            701 ;	Peephole 112.b	changed ljmp to sjmp
                            702 ;	Peephole 198.b	optimized misc jump sequence
   00AE BE 0D 09            703 	cjne	r6,#0x0D,00114$
                            704 ;	Peephole 200.b	removed redundant sjmp
                            705 ;	Peephole 300	removed redundant label 00130$
                            706 ;	Peephole 300	removed redundant label 00131$
                            707 ;	serial.c:61: putchar('\n');
                            708 ;	genCall
   00B1 75 82 0A            709 	mov	dpl,#0x0A
   00B4 12s00r00            710 	lcall	_putchar
                            711 ;	serial.c:62: break;
   00B7 02s01r32            712 	ljmp	00118$
   00BA                     713 00114$:
                            714 ;	serial.c:64: else if (c == BACKSPACE_KEY)
                            715 ;	genCmpEq
                            716 ;	gencjneshort
                            717 ;	Peephole 112.b	changed ljmp to sjmp
                            718 ;	Peephole 198.b	optimized misc jump sequence
   00BA BE 08 12            719 	cjne	r6,#0x08,00111$
                            720 ;	Peephole 200.b	removed redundant sjmp
                            721 ;	Peephole 300	removed redundant label 00132$
                            722 ;	Peephole 300	removed redundant label 00133$
                            723 ;	serial.c:65: --index;
                            724 ;	genMinus
                            725 ;	genMinusDec
   00BD EC                  726 	mov	a,r4
   00BE 24 FF               727 	add	a,#0xff
   00C0 FF                  728 	mov	r7,a
   00C1 ED                  729 	mov	a,r5
   00C2 34 FF               730 	addc	a,#0xff
   00C4 F8                  731 	mov	r0,a
                            732 ;	genAssign
   00C5 90s00r0E            733 	mov	dptr,#_Serial_GetInteger_index_1_1
   00C8 EF                  734 	mov	a,r7
   00C9 F0                  735 	movx	@dptr,a
   00CA A3                  736 	inc	dptr
   00CB E8                  737 	mov	a,r0
   00CC F0                  738 	movx	@dptr,a
                            739 ;	Peephole 112.b	changed ljmp to sjmp
   00CD 80 97               740 	sjmp	00116$
   00CF                     741 00111$:
                            742 ;	serial.c:66: else if (c == 'q' || c == 'Q'){
                            743 ;	genCmpEq
                            744 ;	gencjneshort
   00CF BE 71 02            745 	cjne	r6,#0x71,00134$
                            746 ;	Peephole 112.b	changed ljmp to sjmp
   00D2 80 03               747 	sjmp	00106$
   00D4                     748 00134$:
                            749 ;	genCmpEq
                            750 ;	gencjneshort
                            751 ;	Peephole 112.b	changed ljmp to sjmp
                            752 ;	Peephole 198.b	optimized misc jump sequence
   00D4 BE 51 04            753 	cjne	r6,#0x51,00107$
                            754 ;	Peephole 200.b	removed redundant sjmp
                            755 ;	Peephole 300	removed redundant label 00135$
                            756 ;	Peephole 300	removed redundant label 00136$
   00D7                     757 00106$:
                            758 ;	serial.c:67: return -2;
                            759 ;	genRet
                            760 ;	Peephole 182.b	used 16 bit load of dptr
   00D7 90 FF FE            761 	mov	dptr,#0xFFFE
                            762 ;	Peephole 251.a	replaced ljmp to ret with ret
   00DA 22                  763 	ret
   00DB                     764 00107$:
                            765 ;	serial.c:69: else if ( isdigit(c) ){
                            766 ;	genCall
   00DB 8E 82               767 	mov	dpl,r6
   00DD C0 02               768 	push	ar2
   00DF C0 03               769 	push	ar3
   00E1 C0 04               770 	push	ar4
   00E3 C0 05               771 	push	ar5
   00E5 C0 06               772 	push	ar6
   00E7 12s00r00            773 	lcall	_isdigit
   00EA E5 82               774 	mov	a,dpl
   00EC D0 06               775 	pop	ar6
   00EE D0 05               776 	pop	ar5
   00F0 D0 04               777 	pop	ar4
   00F2 D0 03               778 	pop	ar3
   00F4 D0 02               779 	pop	ar2
                            780 ;	genIfx
                            781 ;	genIfxJump
                            782 ;	Peephole 108.c	removed ljmp by inverse jump logic
   00F6 60 1A               783 	jz	00104$
                            784 ;	Peephole 300	removed redundant label 00137$
                            785 ;	serial.c:70: buf[index] = c;
                            786 ;	genPlus
                            787 ;	Peephole 236.g	used r4 instead of ar4
   00F8 EC                  788 	mov	a,r4
   00F9 24r03               789 	add	a,#_Serial_GetInteger_buf_1_1
   00FB F5 82               790 	mov	dpl,a
                            791 ;	Peephole 236.g	used r5 instead of ar5
   00FD ED                  792 	mov	a,r5
   00FE 34s00               793 	addc	a,#(_Serial_GetInteger_buf_1_1 >> 8)
   0100 F5 83               794 	mov	dph,a
                            795 ;	genPointerSet
                            796 ;     genFarPointerSet
   0102 EE                  797 	mov	a,r6
   0103 F0                  798 	movx	@dptr,a
                            799 ;	serial.c:71: ++index;
                            800 ;	genPlus
   0104 90s00r0E            801 	mov	dptr,#_Serial_GetInteger_index_1_1
                            802 ;     genPlusIncr
   0107 74 01               803 	mov	a,#0x01
                            804 ;	Peephole 236.a	used r4 instead of ar4
   0109 2C                  805 	add	a,r4
   010A F0                  806 	movx	@dptr,a
                            807 ;	Peephole 181	changed mov to clr
   010B E4                  808 	clr	a
                            809 ;	Peephole 236.b	used r5 instead of ar5
   010C 3D                  810 	addc	a,r5
   010D A3                  811 	inc	dptr
   010E F0                  812 	movx	@dptr,a
   010F 02s00r66            813 	ljmp	00116$
   0112                     814 00104$:
                            815 ;	serial.c:74: printf("\r\nInvalid character. Enter only digits.\r\n");
                            816 ;	genIpush
   0112 C0 02               817 	push	ar2
   0114 C0 03               818 	push	ar3
   0116 74r32               819 	mov	a,#__str_1
   0118 C0 E0               820 	push	acc
   011A 74s00               821 	mov	a,#(__str_1 >> 8)
   011C C0 E0               822 	push	acc
   011E 74 80               823 	mov	a,#0x80
   0120 C0 E0               824 	push	acc
                            825 ;	genCall
   0122 12s00r00            826 	lcall	_printf
   0125 15 81               827 	dec	sp
   0127 15 81               828 	dec	sp
   0129 15 81               829 	dec	sp
   012B D0 03               830 	pop	ar3
   012D D0 02               831 	pop	ar2
   012F 02s00r66            832 	ljmp	00116$
   0132                     833 00118$:
                            834 ;	serial.c:77: buf[index] = '\0';  //Null terminate the string
                            835 ;	genAssign
   0132 90s00r0E            836 	mov	dptr,#_Serial_GetInteger_index_1_1
   0135 E0                  837 	movx	a,@dptr
   0136 FA                  838 	mov	r2,a
   0137 A3                  839 	inc	dptr
   0138 E0                  840 	movx	a,@dptr
   0139 FB                  841 	mov	r3,a
                            842 ;	genPlus
                            843 ;	Peephole 236.g	used r2 instead of ar2
   013A EA                  844 	mov	a,r2
   013B 24r03               845 	add	a,#_Serial_GetInteger_buf_1_1
   013D F5 82               846 	mov	dpl,a
                            847 ;	Peephole 236.g	used r3 instead of ar3
   013F EB                  848 	mov	a,r3
   0140 34s00               849 	addc	a,#(_Serial_GetInteger_buf_1_1 >> 8)
   0142 F5 83               850 	mov	dph,a
                            851 ;	genPointerSet
                            852 ;     genFarPointerSet
                            853 ;	Peephole 181	changed mov to clr
   0144 E4                  854 	clr	a
   0145 F0                  855 	movx	@dptr,a
                            856 ;	serial.c:78: return atoi(buf);
                            857 ;	genCall
                            858 ;	Peephole 182.a	used 16 bit load of DPTR
   0146 90s00r03            859 	mov	dptr,#_Serial_GetInteger_buf_1_1
   0149 75 F0 00            860 	mov	b,#0x00
                            861 ;	genRet
                            862 ;	Peephole 150.b	removed misc moves via dph, dpl before return
                            863 ;	Peephole 253.b	replaced lcall/ret with ljmp
   014C 02s00r00            864 	ljmp	_atoi
                            865 ;
                            866 ;------------------------------------------------------------
                            867 ;Allocation info for local variables in function 'Serial_GetHex'
                            868 ;------------------------------------------------------------
                            869 ;c                         Allocated with name '_Serial_GetHex_c_1_1'
                            870 ;buf                       Allocated with name '_Serial_GetHex_buf_1_1'
                            871 ;max_length                Allocated with name '_Serial_GetHex_max_length_1_1'
                            872 ;index                     Allocated with name '_Serial_GetHex_index_1_1'
                            873 ;result                    Allocated with name '_Serial_GetHex_result_1_1'
                            874 ;num                       Allocated with name '_Serial_GetHex_num_1_1'
                            875 ;------------------------------------------------------------
                            876 ;	serial.c:85: uint8_t Serial_GetHex(void){
                            877 ;	-----------------------------------------
                            878 ;	 function Serial_GetHex
                            879 ;	-----------------------------------------
   014F                     880 _Serial_GetHex:
                            881 ;	serial.c:89: int index = 0;
                            882 ;	genAssign
   014F 90s00r13            883 	mov	dptr,#_Serial_GetHex_index_1_1
   0152 E4                  884 	clr	a
   0153 F0                  885 	movx	@dptr,a
   0154 A3                  886 	inc	dptr
   0155 F0                  887 	movx	@dptr,a
                            888 ;	serial.c:91: char num =0;
                            889 ;	genAssign
   0156 90s00r16            890 	mov	dptr,#_Serial_GetHex_num_1_1
                            891 ;	Peephole 181	changed mov to clr
   0159 E4                  892 	clr	a
   015A F0                  893 	movx	@dptr,a
                            894 ;	serial.c:93: while (index < max_length ){
   015B                     895 00123$:
                            896 ;	genAssign
   015B 90s00r13            897 	mov	dptr,#_Serial_GetHex_index_1_1
   015E E0                  898 	movx	a,@dptr
   015F FA                  899 	mov	r2,a
   0160 A3                  900 	inc	dptr
   0161 E0                  901 	movx	a,@dptr
   0162 FB                  902 	mov	r3,a
                            903 ;	genCmpLt
                            904 ;	genCmp
   0163 C3                  905 	clr	c
   0164 EA                  906 	mov	a,r2
   0165 94 02               907 	subb	a,#0x02
   0167 EB                  908 	mov	a,r3
   0168 64 80               909 	xrl	a,#0x80
   016A 94 80               910 	subb	a,#0x80
                            911 ;	genIfxJump
   016C 40 03               912 	jc	00162$
   016E 02s02r9D            913 	ljmp	00125$
   0171                     914 00162$:
                            915 ;	serial.c:94: c = getchar();
                            916 ;	genCall
   0171 C0 02               917 	push	ar2
   0173 C0 03               918 	push	ar3
   0175 12s00r15            919 	lcall	_getchar
   0178 AC 82               920 	mov	r4,dpl
   017A D0 03               921 	pop	ar3
   017C D0 02               922 	pop	ar2
                            923 ;	serial.c:95: putchar(c);
                            924 ;	genCall
   017E 8C 82               925 	mov	dpl,r4
   0180 C0 02               926 	push	ar2
   0182 C0 03               927 	push	ar3
   0184 C0 04               928 	push	ar4
   0186 12s00r00            929 	lcall	_putchar
   0189 D0 04               930 	pop	ar4
   018B D0 03               931 	pop	ar3
   018D D0 02               932 	pop	ar2
                            933 ;	serial.c:96: if (c == ENTER_KEY){
                            934 ;	genCmpEq
                            935 ;	gencjneshort
                            936 ;	Peephole 112.b	changed ljmp to sjmp
                            937 ;	Peephole 198.b	optimized misc jump sequence
   018F BC 0D 2C            938 	cjne	r4,#0x0D,00121$
                            939 ;	Peephole 200.b	removed redundant sjmp
                            940 ;	Peephole 300	removed redundant label 00163$
                            941 ;	Peephole 300	removed redundant label 00164$
                            942 ;	serial.c:97: if (index == 0){
                            943 ;	genIfx
   0192 EA                  944 	mov	a,r2
   0193 4B                  945 	orl	a,r3
                            946 ;	genIfxJump
                            947 ;	Peephole 108.b	removed ljmp by inverse jump logic
   0194 70 0C               948 	jnz	00104$
                            949 ;	Peephole 300	removed redundant label 00165$
                            950 ;	serial.c:98: buf[0] = 0;
                            951 ;	genPointerSet
                            952 ;     genFarPointerSet
   0196 90s00r11            953 	mov	dptr,#_Serial_GetHex_buf_1_1
                            954 ;	Peephole 181	changed mov to clr
                            955 ;	serial.c:99: buf[1] = 0;
                            956 ;	genPointerSet
                            957 ;     genFarPointerSet
                            958 ;	Peephole 181	changed mov to clr
                            959 ;	Peephole 219.a	removed redundant clear
   0199 E4                  960 	clr	a
   019A F0                  961 	movx	@dptr,a
   019B 90s00r12            962 	mov	dptr,#(_Serial_GetHex_buf_1_1 + 0x0001)
   019E F0                  963 	movx	@dptr,a
   019F 02s02r9D            964 	ljmp	00125$
   01A2                     965 00104$:
                            966 ;	serial.c:101: else if(index == 1){
                            967 ;	genCmpEq
                            968 ;	gencjneshort
   01A2 BA 01 05            969 	cjne	r2,#0x01,00166$
   01A5 BB 00 02            970 	cjne	r3,#0x00,00166$
   01A8 80 03               971 	sjmp	00167$
   01AA                     972 00166$:
   01AA 02s02r9D            973 	ljmp	00125$
   01AD                     974 00167$:
                            975 ;	serial.c:102: buf[1] = buf[0];
                            976 ;	genPointerGet
                            977 ;	genFarPointerGet
   01AD 90s00r11            978 	mov	dptr,#_Serial_GetHex_buf_1_1
   01B0 E0                  979 	movx	a,@dptr
                            980 ;	genPointerSet
                            981 ;     genFarPointerSet
   01B1 FD                  982 	mov	r5,a
   01B2 90s00r12            983 	mov	dptr,#(_Serial_GetHex_buf_1_1 + 0x0001)
                            984 ;	Peephole 100	removed redundant mov
   01B5 F0                  985 	movx	@dptr,a
                            986 ;	serial.c:103: buf[0] = 0;
                            987 ;	genPointerSet
                            988 ;     genFarPointerSet
   01B6 90s00r11            989 	mov	dptr,#_Serial_GetHex_buf_1_1
                            990 ;	Peephole 181	changed mov to clr
   01B9 E4                  991 	clr	a
   01BA F0                  992 	movx	@dptr,a
                            993 ;	serial.c:105: break;
   01BB 02s02r9D            994 	ljmp	00125$
   01BE                     995 00121$:
                            996 ;	serial.c:107: else if (c == BACKSPACE_KEY)
                            997 ;	genCmpEq
                            998 ;	gencjneshort
                            999 ;	Peephole 112.b	changed ljmp to sjmp
                           1000 ;	Peephole 198.b	optimized misc jump sequence
   01BE BC 08 13           1001 	cjne	r4,#0x08,00118$
                           1002 ;	Peephole 200.b	removed redundant sjmp
                           1003 ;	Peephole 300	removed redundant label 00168$
                           1004 ;	Peephole 300	removed redundant label 00169$
                           1005 ;	serial.c:108: --index;
                           1006 ;	genMinus
                           1007 ;	genMinusDec
   01C1 EA                 1008 	mov	a,r2
   01C2 24 FF              1009 	add	a,#0xff
   01C4 FD                 1010 	mov	r5,a
   01C5 EB                 1011 	mov	a,r3
   01C6 34 FF              1012 	addc	a,#0xff
   01C8 FE                 1013 	mov	r6,a
                           1014 ;	genAssign
   01C9 90s00r13           1015 	mov	dptr,#_Serial_GetHex_index_1_1
   01CC ED                 1016 	mov	a,r5
   01CD F0                 1017 	movx	@dptr,a
   01CE A3                 1018 	inc	dptr
   01CF EE                 1019 	mov	a,r6
   01D0 F0                 1020 	movx	@dptr,a
   01D1 02s01r5B           1021 	ljmp	00123$
   01D4                    1022 00118$:
                           1023 ;	serial.c:109: else if ( isdigit(c) ){
                           1024 ;	genCall
   01D4 8C 82              1025 	mov	dpl,r4
   01D6 C0 02              1026 	push	ar2
   01D8 C0 03              1027 	push	ar3
   01DA C0 04              1028 	push	ar4
   01DC 12s00r00           1029 	lcall	_isdigit
   01DF E5 82              1030 	mov	a,dpl
   01E1 D0 04              1031 	pop	ar4
   01E3 D0 03              1032 	pop	ar3
   01E5 D0 02              1033 	pop	ar2
                           1034 ;	genIfx
                           1035 ;	genIfxJump
                           1036 ;	Peephole 108.c	removed ljmp by inverse jump logic
   01E7 60 1A              1037 	jz	00115$
                           1038 ;	Peephole 300	removed redundant label 00170$
                           1039 ;	serial.c:110: buf[index] = c;
                           1040 ;	genPlus
                           1041 ;	Peephole 236.g	used r2 instead of ar2
   01E9 EA                 1042 	mov	a,r2
   01EA 24r11              1043 	add	a,#_Serial_GetHex_buf_1_1
   01EC F5 82              1044 	mov	dpl,a
                           1045 ;	Peephole 236.g	used r3 instead of ar3
   01EE EB                 1046 	mov	a,r3
   01EF 34s00              1047 	addc	a,#(_Serial_GetHex_buf_1_1 >> 8)
   01F1 F5 83              1048 	mov	dph,a
                           1049 ;	genPointerSet
                           1050 ;     genFarPointerSet
   01F3 EC                 1051 	mov	a,r4
   01F4 F0                 1052 	movx	@dptr,a
                           1053 ;	serial.c:111: ++index;
                           1054 ;	genPlus
   01F5 90s00r13           1055 	mov	dptr,#_Serial_GetHex_index_1_1
                           1056 ;     genPlusIncr
   01F8 74 01              1057 	mov	a,#0x01
                           1058 ;	Peephole 236.a	used r2 instead of ar2
   01FA 2A                 1059 	add	a,r2
   01FB F0                 1060 	movx	@dptr,a
                           1061 ;	Peephole 181	changed mov to clr
   01FC E4                 1062 	clr	a
                           1063 ;	Peephole 236.b	used r3 instead of ar3
   01FD 3B                 1064 	addc	a,r3
   01FE A3                 1065 	inc	dptr
   01FF F0                 1066 	movx	@dptr,a
   0200 02s01r5B           1067 	ljmp	00123$
   0203                    1068 00115$:
                           1069 ;	serial.c:113: else if ( isalpha(c) && ((c >= 'A'  && c <= 'F') || (c >= 'a' && c <= 'f') )){
                           1070 ;	genCall
   0203 8C 82              1071 	mov	dpl,r4
   0205 C0 04              1072 	push	ar4
   0207 12s00r00           1073 	lcall	_isupper
   020A E5 82              1074 	mov	a,dpl
   020C D0 04              1075 	pop	ar4
                           1076 ;	genIfx
                           1077 ;	genIfxJump
                           1078 ;	Peephole 108.b	removed ljmp by inverse jump logic
   020E 70 0D              1079 	jnz	00113$
                           1080 ;	Peephole 300	removed redundant label 00171$
                           1081 ;	genCall
   0210 8C 82              1082 	mov	dpl,r4
   0212 C0 04              1083 	push	ar4
   0214 12s00r00           1084 	lcall	_islower
   0217 E5 82              1085 	mov	a,dpl
   0219 D0 04              1086 	pop	ar4
                           1087 ;	genIfx
                           1088 ;	genIfxJump
                           1089 ;	Peephole 112.b	changed ljmp to sjmp
                           1090 ;	Peephole 160.c	removed sjmp by inverse jump logic
   021B 60 68              1091 	jz	00107$
                           1092 ;	Peephole 300	removed redundant label 00172$
   021D                    1093 00113$:
                           1094 ;	genCmpLt
                           1095 ;	genCmp
   021D C3                 1096 	clr	c
   021E EC                 1097 	mov	a,r4
   021F 64 80              1098 	xrl	a,#0x80
   0221 94 C1              1099 	subb	a,#0xc1
                           1100 ;	genIfxJump
                           1101 ;	Peephole 112.b	changed ljmp to sjmp
                           1102 ;	Peephole 160.a	removed sjmp by inverse jump logic
                           1103 ;	genCmpGt
                           1104 ;	genCmp
   0223 40 0B              1105 	jc	00112$
                           1106 ;	Peephole 300	removed redundant label 00173$
                           1107 ;	Peephole 256.a	removed redundant clr c
                           1108 ;	Peephole 159	avoided xrl during execution
   0225 74 C6              1109 	mov	a,#(0x46 ^ 0x80)
   0227 8C F0              1110 	mov	b,r4
   0229 63 F0 80           1111 	xrl	b,#0x80
   022C 95 F0              1112 	subb	a,b
                           1113 ;	genIfxJump
                           1114 ;	Peephole 108.a	removed ljmp by inverse jump logic
   022E 50 13              1115 	jnc	00106$
                           1116 ;	Peephole 300	removed redundant label 00174$
   0230                    1117 00112$:
                           1118 ;	genCmpLt
                           1119 ;	genCmp
   0230 C3                 1120 	clr	c
   0231 EC                 1121 	mov	a,r4
   0232 64 80              1122 	xrl	a,#0x80
   0234 94 E1              1123 	subb	a,#0xe1
                           1124 ;	genIfxJump
                           1125 ;	Peephole 112.b	changed ljmp to sjmp
                           1126 ;	Peephole 160.a	removed sjmp by inverse jump logic
                           1127 ;	genCmpGt
                           1128 ;	genCmp
   0236 40 4D              1129 	jc	00107$
                           1130 ;	Peephole 300	removed redundant label 00175$
                           1131 ;	Peephole 256.a	removed redundant clr c
                           1132 ;	Peephole 159	avoided xrl during execution
   0238 74 E6              1133 	mov	a,#(0x66 ^ 0x80)
   023A 8C F0              1134 	mov	b,r4
   023C 63 F0 80           1135 	xrl	b,#0x80
   023F 95 F0              1136 	subb	a,b
                           1137 ;	genIfxJump
                           1138 ;	Peephole 112.b	changed ljmp to sjmp
                           1139 ;	Peephole 160.a	removed sjmp by inverse jump logic
   0241 40 42              1140 	jc	00107$
                           1141 ;	Peephole 300	removed redundant label 00176$
   0243                    1142 00106$:
                           1143 ;	serial.c:114: buf[index] = toupper(c);
                           1144 ;	genAssign
   0243 90s00r13           1145 	mov	dptr,#_Serial_GetHex_index_1_1
   0246 E0                 1146 	movx	a,@dptr
   0247 FA                 1147 	mov	r2,a
   0248 A3                 1148 	inc	dptr
   0249 E0                 1149 	movx	a,@dptr
   024A FB                 1150 	mov	r3,a
                           1151 ;	genPlus
                           1152 ;	Peephole 236.g	used r2 instead of ar2
   024B EA                 1153 	mov	a,r2
   024C 24r11              1154 	add	a,#_Serial_GetHex_buf_1_1
   024E FA                 1155 	mov	r2,a
                           1156 ;	Peephole 236.g	used r3 instead of ar3
   024F EB                 1157 	mov	a,r3
   0250 34s00              1158 	addc	a,#(_Serial_GetHex_buf_1_1 >> 8)
   0252 FB                 1159 	mov	r3,a
                           1160 ;	genCall
   0253 8C 82              1161 	mov	dpl,r4
   0255 C0 02              1162 	push	ar2
   0257 C0 03              1163 	push	ar3
   0259 C0 04              1164 	push	ar4
   025B 12s00r00           1165 	lcall	_islower
   025E E5 82              1166 	mov	a,dpl
   0260 D0 04              1167 	pop	ar4
   0262 D0 03              1168 	pop	ar3
   0264 D0 02              1169 	pop	ar2
                           1170 ;	genIfx
                           1171 ;	genIfxJump
                           1172 ;	Peephole 108.c	removed ljmp by inverse jump logic
   0266 60 06              1173 	jz	00141$
                           1174 ;	Peephole 300	removed redundant label 00177$
                           1175 ;	genAnd
   0268 74 DF              1176 	mov	a,#0xDF
   026A 5C                 1177 	anl	a,r4
   026B FD                 1178 	mov	r5,a
                           1179 ;	Peephole 112.b	changed ljmp to sjmp
   026C 80 02              1180 	sjmp	00142$
   026E                    1181 00141$:
                           1182 ;	genAssign
   026E 8C 05              1183 	mov	ar5,r4
   0270                    1184 00142$:
                           1185 ;	genPointerSet
                           1186 ;     genFarPointerSet
   0270 8A 82              1187 	mov	dpl,r2
   0272 8B 83              1188 	mov	dph,r3
   0274 ED                 1189 	mov	a,r5
   0275 F0                 1190 	movx	@dptr,a
                           1191 ;	serial.c:115: ++index;
                           1192 ;	genPlus
   0276 90s00r13           1193 	mov	dptr,#_Serial_GetHex_index_1_1
   0279 E0                 1194 	movx	a,@dptr
   027A 24 01              1195 	add	a,#0x01
   027C F0                 1196 	movx	@dptr,a
   027D A3                 1197 	inc	dptr
   027E E0                 1198 	movx	a,@dptr
   027F 34 00              1199 	addc	a,#0x00
   0281 F0                 1200 	movx	@dptr,a
   0282 02s01r5B           1201 	ljmp	00123$
   0285                    1202 00107$:
                           1203 ;	serial.c:118: printf("\r\nInvalid character. Enter only hex characters.\r\n");
                           1204 ;	genIpush
   0285 74r5C              1205 	mov	a,#__str_2
   0287 C0 E0              1206 	push	acc
   0289 74s00              1207 	mov	a,#(__str_2 >> 8)
   028B C0 E0              1208 	push	acc
   028D 74 80              1209 	mov	a,#0x80
   028F C0 E0              1210 	push	acc
                           1211 ;	genCall
   0291 12s00r00           1212 	lcall	_printf
   0294 15 81              1213 	dec	sp
   0296 15 81              1214 	dec	sp
   0298 15 81              1215 	dec	sp
   029A 02s01r5B           1216 	ljmp	00123$
   029D                    1217 00125$:
                           1218 ;	serial.c:122: result = 0;
                           1219 ;	genAssign
   029D 90s00r15           1220 	mov	dptr,#_Serial_GetHex_result_1_1
                           1221 ;	Peephole 181	changed mov to clr
   02A0 E4                 1222 	clr	a
   02A1 F0                 1223 	movx	@dptr,a
                           1224 ;	serial.c:123: while (index < max_length ){
                           1225 ;	genAssign
   02A2 7A 00              1226 	mov	r2,#0x00
   02A4 7B 00              1227 	mov	r3,#0x00
   02A6                    1228 00136$:
                           1229 ;	genCmpLt
                           1230 ;	genCmp
   02A6 C3                 1231 	clr	c
   02A7 EA                 1232 	mov	a,r2
   02A8 94 02              1233 	subb	a,#0x02
   02AA EB                 1234 	mov	a,r3
   02AB 64 80              1235 	xrl	a,#0x80
   02AD 94 80              1236 	subb	a,#0x80
                           1237 ;	genIfxJump
   02AF 40 03              1238 	jc	00178$
   02B1 02s03r61           1239 	ljmp	00138$
   02B4                    1240 00178$:
                           1241 ;	serial.c:124: c = buf[index];
                           1242 ;	genPlus
                           1243 ;	Peephole 236.g	used r2 instead of ar2
   02B4 EA                 1244 	mov	a,r2
   02B5 24r11              1245 	add	a,#_Serial_GetHex_buf_1_1
   02B7 F5 82              1246 	mov	dpl,a
                           1247 ;	Peephole 236.g	used r3 instead of ar3
   02B9 EB                 1248 	mov	a,r3
   02BA 34s00              1249 	addc	a,#(_Serial_GetHex_buf_1_1 >> 8)
   02BC F5 83              1250 	mov	dph,a
                           1251 ;	genPointerGet
                           1252 ;	genFarPointerGet
   02BE E0                 1253 	movx	a,@dptr
                           1254 ;	genAssign
   02BF FC                 1255 	mov	r4,a
   02C0 90s00r10           1256 	mov	dptr,#_Serial_GetHex_c_1_1
                           1257 ;	Peephole 100	removed redundant mov
   02C3 F0                 1258 	movx	@dptr,a
                           1259 ;	serial.c:125: if(isdigit(c))
                           1260 ;	genCall
   02C4 8C 82              1261 	mov	dpl,r4
   02C6 C0 02              1262 	push	ar2
   02C8 C0 03              1263 	push	ar3
   02CA C0 04              1264 	push	ar4
   02CC 12s00r00           1265 	lcall	_isdigit
   02CF E5 82              1266 	mov	a,dpl
   02D1 D0 04              1267 	pop	ar4
   02D3 D0 03              1268 	pop	ar3
   02D5 D0 02              1269 	pop	ar2
                           1270 ;	genIfx
                           1271 ;	genIfxJump
                           1272 ;	Peephole 108.c	removed ljmp by inverse jump logic
   02D7 60 09              1273 	jz	00134$
                           1274 ;	Peephole 300	removed redundant label 00179$
                           1275 ;	serial.c:126: num = c -'0';
                           1276 ;	genMinus
   02D9 EC                 1277 	mov	a,r4
   02DA 24 D0              1278 	add	a,#0xd0
                           1279 ;	genAssign
   02DC 90s00r16           1280 	mov	dptr,#_Serial_GetHex_num_1_1
   02DF F0                 1281 	movx	@dptr,a
                           1282 ;	Peephole 112.b	changed ljmp to sjmp
   02E0 80 3A              1283 	sjmp	00135$
   02E2                    1284 00134$:
                           1285 ;	serial.c:127: else if(c>='a' && c<='f')
                           1286 ;	genCmpLt
                           1287 ;	genCmp
   02E2 C3                 1288 	clr	c
   02E3 EC                 1289 	mov	a,r4
   02E4 64 80              1290 	xrl	a,#0x80
   02E6 94 E1              1291 	subb	a,#0xe1
                           1292 ;	genIfxJump
                           1293 ;	Peephole 112.b	changed ljmp to sjmp
                           1294 ;	Peephole 160.a	removed sjmp by inverse jump logic
                           1295 ;	genCmpGt
                           1296 ;	genCmp
   02E8 40 14              1297 	jc	00130$
                           1298 ;	Peephole 300	removed redundant label 00180$
                           1299 ;	Peephole 256.a	removed redundant clr c
                           1300 ;	Peephole 159	avoided xrl during execution
   02EA 74 E6              1301 	mov	a,#(0x66 ^ 0x80)
   02EC 8C F0              1302 	mov	b,r4
   02EE 63 F0 80           1303 	xrl	b,#0x80
   02F1 95 F0              1304 	subb	a,b
                           1305 ;	genIfxJump
                           1306 ;	Peephole 112.b	changed ljmp to sjmp
                           1307 ;	Peephole 160.a	removed sjmp by inverse jump logic
   02F3 40 09              1308 	jc	00130$
                           1309 ;	Peephole 300	removed redundant label 00181$
                           1310 ;	serial.c:128: num = 10 + c - 'a';
                           1311 ;	genPlus
   02F5 90s00r16           1312 	mov	dptr,#_Serial_GetHex_num_1_1
                           1313 ;     genPlusIncr
   02F8 74 A9              1314 	mov	a,#0xA9
                           1315 ;	Peephole 236.a	used r4 instead of ar4
   02FA 2C                 1316 	add	a,r4
   02FB F0                 1317 	movx	@dptr,a
                           1318 ;	Peephole 112.b	changed ljmp to sjmp
   02FC 80 1E              1319 	sjmp	00135$
   02FE                    1320 00130$:
                           1321 ;	serial.c:129: else if(c>='A' && c<='F')
                           1322 ;	genAssign
   02FE 90s00r10           1323 	mov	dptr,#_Serial_GetHex_c_1_1
   0301 E0                 1324 	movx	a,@dptr
                           1325 ;	genCmpLt
                           1326 ;	genCmp
   0302 FC                 1327 	mov	r4,a
   0303 C3                 1328 	clr	c
                           1329 ;	Peephole 106	removed redundant mov
   0304 64 80              1330 	xrl	a,#0x80
   0306 94 C1              1331 	subb	a,#0xc1
                           1332 ;	genIfxJump
                           1333 ;	Peephole 112.b	changed ljmp to sjmp
                           1334 ;	Peephole 160.a	removed sjmp by inverse jump logic
                           1335 ;	genCmpGt
                           1336 ;	genCmp
   0308 40 12              1337 	jc	00135$
                           1338 ;	Peephole 300	removed redundant label 00182$
                           1339 ;	Peephole 256.a	removed redundant clr c
                           1340 ;	Peephole 159	avoided xrl during execution
   030A 74 C6              1341 	mov	a,#(0x46 ^ 0x80)
   030C 8C F0              1342 	mov	b,r4
   030E 63 F0 80           1343 	xrl	b,#0x80
   0311 95 F0              1344 	subb	a,b
                           1345 ;	genIfxJump
                           1346 ;	Peephole 112.b	changed ljmp to sjmp
                           1347 ;	Peephole 160.a	removed sjmp by inverse jump logic
   0313 40 07              1348 	jc	00135$
                           1349 ;	Peephole 300	removed redundant label 00183$
                           1350 ;	serial.c:130: num = 10 + c - 'A';
                           1351 ;	genPlus
   0315 90s00r16           1352 	mov	dptr,#_Serial_GetHex_num_1_1
                           1353 ;     genPlusIncr
   0318 74 C9              1354 	mov	a,#0xC9
                           1355 ;	Peephole 236.a	used r4 instead of ar4
   031A 2C                 1356 	add	a,r4
   031B F0                 1357 	movx	@dptr,a
   031C                    1358 00135$:
                           1359 ;	serial.c:131: result += num << (4*(1-index));
                           1360 ;	genMinus
   031C 74 01              1361 	mov	a,#0x01
   031E C3                 1362 	clr	c
                           1363 ;	Peephole 236.l	used r2 instead of ar2
   031F 9A                 1364 	subb	a,r2
   0320 FC                 1365 	mov	r4,a
                           1366 ;	Peephole 181	changed mov to clr
   0321 E4                 1367 	clr	a
                           1368 ;	Peephole 236.l	used r3 instead of ar3
   0322 9B                 1369 	subb	a,r3
                           1370 ;	genLeftShift
                           1371 ;	genLeftShiftLiteral
                           1372 ;	genlshTwo
   0323 FD                 1373 	mov	r5,a
                           1374 ;	Peephole 105	removed redundant mov
   0324 CC                 1375 	xch	a,r4
   0325 25 E0              1376 	add	a,acc
   0327 CC                 1377 	xch	a,r4
   0328 33                 1378 	rlc	a
   0329 CC                 1379 	xch	a,r4
   032A 25 E0              1380 	add	a,acc
   032C CC                 1381 	xch	a,r4
   032D 33                 1382 	rlc	a
   032E FD                 1383 	mov	r5,a
                           1384 ;	genAssign
   032F 90s00r16           1385 	mov	dptr,#_Serial_GetHex_num_1_1
   0332 E0                 1386 	movx	a,@dptr
   0333 FE                 1387 	mov	r6,a
                           1388 ;	genLeftShift
   0334 8C F0              1389 	mov	b,r4
   0336 05 F0              1390 	inc	b
   0338 AC 06              1391 	mov	r4,ar6
   033A 7D 00              1392 	mov	r5,#0x00
   033C 80 06              1393 	sjmp	00185$
   033E                    1394 00184$:
   033E EC                 1395 	mov	a,r4
                           1396 ;	Peephole 254	optimized left shift
   033F 2C                 1397 	add	a,r4
   0340 FC                 1398 	mov	r4,a
   0341 ED                 1399 	mov	a,r5
   0342 33                 1400 	rlc	a
   0343 FD                 1401 	mov	r5,a
   0344                    1402 00185$:
   0344 D5 F0 F7           1403 	djnz	b,00184$
                           1404 ;	genAssign
   0347 90s00r15           1405 	mov	dptr,#_Serial_GetHex_result_1_1
   034A E0                 1406 	movx	a,@dptr
   034B FE                 1407 	mov	r6,a
                           1408 ;	genCast
   034C 7F 00              1409 	mov	r7,#0x00
                           1410 ;	genPlus
                           1411 ;	Peephole 236.g	used r4 instead of ar4
   034E EC                 1412 	mov	a,r4
                           1413 ;	Peephole 236.a	used r6 instead of ar6
   034F 2E                 1414 	add	a,r6
   0350 FC                 1415 	mov	r4,a
                           1416 ;	Peephole 236.g	used r5 instead of ar5
   0351 ED                 1417 	mov	a,r5
                           1418 ;	Peephole 236.b	used r7 instead of ar7
   0352 3F                 1419 	addc	a,r7
   0353 FD                 1420 	mov	r5,a
                           1421 ;	genCast
   0354 90s00r15           1422 	mov	dptr,#_Serial_GetHex_result_1_1
   0357 EC                 1423 	mov	a,r4
   0358 F0                 1424 	movx	@dptr,a
                           1425 ;	serial.c:132: ++index;
                           1426 ;	genPlus
                           1427 ;     genPlusIncr
   0359 0A                 1428 	inc	r2
   035A BA 00 01           1429 	cjne	r2,#0x00,00186$
   035D 0B                 1430 	inc	r3
   035E                    1431 00186$:
   035E 02s02rA6           1432 	ljmp	00136$
   0361                    1433 00138$:
                           1434 ;	serial.c:134: return result;
                           1435 ;	genAssign
   0361 90s00r15           1436 	mov	dptr,#_Serial_GetHex_result_1_1
   0364 E0                 1437 	movx	a,@dptr
                           1438 ;	genRet
                           1439 ;	Peephole 234.a	loading dpl directly from a(ccumulator), r2 not set
   0365 F5 82              1440 	mov	dpl,a
                           1441 ;	Peephole 300	removed redundant label 00139$
   0367 22                 1442 	ret
                           1443 ;------------------------------------------------------------
                           1444 ;Allocation info for local variables in function 'getstring'
                           1445 ;------------------------------------------------------------
                           1446 ;sloc0                     Allocated with name '_getstring_sloc0_1_0'
                           1447 ;length                    Allocated with name '_getstring_PARM_2'
                           1448 ;buf                       Allocated with name '_getstring_buf_1_1'
                           1449 ;c                         Allocated with name '_getstring_c_1_1'
                           1450 ;offset                    Allocated with name '_getstring_offset_1_1'
                           1451 ;------------------------------------------------------------
                           1452 ;	serial.c:139: void getstring(unsigned char *buf, int length){
                           1453 ;	-----------------------------------------
                           1454 ;	 function getstring
                           1455 ;	-----------------------------------------
   0368                    1456 _getstring:
                           1457 ;	genReceive
   0368 AA F0              1458 	mov	r2,b
   036A AB 83              1459 	mov	r3,dph
   036C E5 82              1460 	mov	a,dpl
   036E 90s00r19           1461 	mov	dptr,#_getstring_buf_1_1
   0371 F0                 1462 	movx	@dptr,a
   0372 A3                 1463 	inc	dptr
   0373 EB                 1464 	mov	a,r3
   0374 F0                 1465 	movx	@dptr,a
   0375 A3                 1466 	inc	dptr
   0376 EA                 1467 	mov	a,r2
   0377 F0                 1468 	movx	@dptr,a
                           1469 ;	serial.c:142: c = getchar();
                           1470 ;	genCall
   0378 12s00r15           1471 	lcall	_getchar
   037B AA 82              1472 	mov	r2,dpl
                           1473 ;	genAssign
   037D 90s00r1C           1474 	mov	dptr,#_getstring_c_1_1
   0380 EA                 1475 	mov	a,r2
   0381 F0                 1476 	movx	@dptr,a
                           1477 ;	serial.c:143: putchar(c);
                           1478 ;	genCall
   0382 8A 82              1479 	mov	dpl,r2
   0384 12s00r00           1480 	lcall	_putchar
                           1481 ;	serial.c:144: while(c != ENTER_KEY && offset < length){
                           1482 ;	genAssign
   0387 90s00r17           1483 	mov	dptr,#_getstring_PARM_2
   038A E0                 1484 	movx	a,@dptr
   038B FA                 1485 	mov	r2,a
   038C A3                 1486 	inc	dptr
   038D E0                 1487 	movx	a,@dptr
   038E FB                 1488 	mov	r3,a
                           1489 ;	genAssign
   038F 90s00r19           1490 	mov	dptr,#_getstring_buf_1_1
   0392 E0                 1491 	movx	a,@dptr
   0393 F5*00              1492 	mov	_getstring_sloc0_1_0,a
   0395 A3                 1493 	inc	dptr
   0396 E0                 1494 	movx	a,@dptr
   0397 F5*01              1495 	mov	(_getstring_sloc0_1_0 + 1),a
   0399 A3                 1496 	inc	dptr
   039A E0                 1497 	movx	a,@dptr
   039B F5*02              1498 	mov	(_getstring_sloc0_1_0 + 2),a
                           1499 ;	genAssign
   039D 7F 00              1500 	mov	r7,#0x00
   039F 78 00              1501 	mov	r0,#0x00
   03A1                    1502 00102$:
                           1503 ;	genAssign
   03A1 90s00r1C           1504 	mov	dptr,#_getstring_c_1_1
   03A4 E0                 1505 	movx	a,@dptr
   03A5 F9                 1506 	mov	r1,a
                           1507 ;	genCmpEq
                           1508 ;	gencjneshort
   03A6 B9 0D 02           1509 	cjne	r1,#0x0D,00111$
                           1510 ;	Peephole 112.b	changed ljmp to sjmp
   03A9 80 5D              1511 	sjmp	00104$
   03AB                    1512 00111$:
                           1513 ;	genCmpLt
                           1514 ;	genCmp
   03AB C3                 1515 	clr	c
   03AC EF                 1516 	mov	a,r7
   03AD 9A                 1517 	subb	a,r2
   03AE E8                 1518 	mov	a,r0
   03AF 64 80              1519 	xrl	a,#0x80
   03B1 8B F0              1520 	mov	b,r3
   03B3 63 F0 80           1521 	xrl	b,#0x80
   03B6 95 F0              1522 	subb	a,b
                           1523 ;	genIfxJump
                           1524 ;	Peephole 108.a	removed ljmp by inverse jump logic
   03B8 50 4E              1525 	jnc	00104$
                           1526 ;	Peephole 300	removed redundant label 00112$
                           1527 ;	serial.c:145: buf[offset] = c;
                           1528 ;	genIpush
   03BA C0 02              1529 	push	ar2
   03BC C0 03              1530 	push	ar3
                           1531 ;	genPlus
                           1532 ;	Peephole 236.g	used r7 instead of ar7
   03BE EF                 1533 	mov	a,r7
   03BF 25*00              1534 	add	a,_getstring_sloc0_1_0
   03C1 FA                 1535 	mov	r2,a
                           1536 ;	Peephole 236.g	used r0 instead of ar0
   03C2 E8                 1537 	mov	a,r0
   03C3 35*01              1538 	addc	a,(_getstring_sloc0_1_0 + 1)
   03C5 FB                 1539 	mov	r3,a
   03C6 AC*02              1540 	mov	r4,(_getstring_sloc0_1_0 + 2)
                           1541 ;	genPointerSet
                           1542 ;	genGenPointerSet
   03C8 8A 82              1543 	mov	dpl,r2
   03CA 8B 83              1544 	mov	dph,r3
   03CC 8C F0              1545 	mov	b,r4
   03CE E9                 1546 	mov	a,r1
   03CF 12s00r00           1547 	lcall	__gptrput
                           1548 ;	serial.c:146: c = getchar();
                           1549 ;	genCall
   03D2 C0 03              1550 	push	ar3
   03D4 C0 07              1551 	push	ar7
   03D6 C0 00              1552 	push	ar0
   03D8 12s00r15           1553 	lcall	_getchar
   03DB AA 82              1554 	mov	r2,dpl
   03DD D0 00              1555 	pop	ar0
   03DF D0 07              1556 	pop	ar7
   03E1 D0 03              1557 	pop	ar3
                           1558 ;	genAssign
   03E3 90s00r1C           1559 	mov	dptr,#_getstring_c_1_1
   03E6 EA                 1560 	mov	a,r2
   03E7 F0                 1561 	movx	@dptr,a
                           1562 ;	serial.c:147: putchar(c);
                           1563 ;	genCall
   03E8 8A 82              1564 	mov	dpl,r2
   03EA C0 02              1565 	push	ar2
   03EC C0 03              1566 	push	ar3
   03EE C0 07              1567 	push	ar7
   03F0 C0 00              1568 	push	ar0
   03F2 12s00r00           1569 	lcall	_putchar
   03F5 D0 00              1570 	pop	ar0
   03F7 D0 07              1571 	pop	ar7
   03F9 D0 03              1572 	pop	ar3
   03FB D0 02              1573 	pop	ar2
                           1574 ;	serial.c:149: ++offset;
                           1575 ;	genPlus
                           1576 ;     genPlusIncr
   03FD 0F                 1577 	inc	r7
   03FE BF 00 01           1578 	cjne	r7,#0x00,00113$
   0401 08                 1579 	inc	r0
   0402                    1580 00113$:
                           1581 ;	genIpop
   0402 D0 03              1582 	pop	ar3
   0404 D0 02              1583 	pop	ar2
                           1584 ;	Peephole 112.b	changed ljmp to sjmp
   0406 80 99              1585 	sjmp	00102$
   0408                    1586 00104$:
                           1587 ;	serial.c:153: buf[offset] = '\0';
                           1588 ;	genAssign
   0408 90s00r19           1589 	mov	dptr,#_getstring_buf_1_1
   040B E0                 1590 	movx	a,@dptr
   040C FA                 1591 	mov	r2,a
   040D A3                 1592 	inc	dptr
   040E E0                 1593 	movx	a,@dptr
   040F FB                 1594 	mov	r3,a
   0410 A3                 1595 	inc	dptr
   0411 E0                 1596 	movx	a,@dptr
   0412 FC                 1597 	mov	r4,a
                           1598 ;	genPlus
                           1599 ;	Peephole 236.g	used r7 instead of ar7
   0413 EF                 1600 	mov	a,r7
                           1601 ;	Peephole 236.a	used r2 instead of ar2
   0414 2A                 1602 	add	a,r2
   0415 FF                 1603 	mov	r7,a
                           1604 ;	Peephole 236.g	used r0 instead of ar0
   0416 E8                 1605 	mov	a,r0
                           1606 ;	Peephole 236.b	used r3 instead of ar3
   0417 3B                 1607 	addc	a,r3
   0418 F8                 1608 	mov	r0,a
   0419 8C 05              1609 	mov	ar5,r4
                           1610 ;	genPointerSet
                           1611 ;	genGenPointerSet
   041B 8F 82              1612 	mov	dpl,r7
   041D 88 83              1613 	mov	dph,r0
   041F 8D F0              1614 	mov	b,r5
                           1615 ;	Peephole 181	changed mov to clr
   0421 E4                 1616 	clr	a
                           1617 ;	Peephole 253.b	replaced lcall/ret with ljmp
   0422 02s00r00           1618 	ljmp	__gptrput
                           1619 ;
                           1620 ;------------------------------------------------------------
                           1621 ;Allocation info for local variables in function 'Serial_Init'
                           1622 ;------------------------------------------------------------
                           1623 ;------------------------------------------------------------
                           1624 ;	serial.c:159: void Serial_Init(void){
                           1625 ;	-----------------------------------------
                           1626 ;	 function Serial_Init
                           1627 ;	-----------------------------------------
   0425                    1628 _Serial_Init:
                           1629 ;	serial.c:160: SCON = SCON_SERIAL_INIT;    //Init serial port
                           1630 ;	genAssign
   0425 75 98 50           1631 	mov	_SCON,#0x50
                           1632 ;	serial.c:161: TMOD = TIMER1_TMOD_VAL;     // 8 bit auto-reload mode 2
                           1633 ;	genAssign
   0428 75 89 20           1634 	mov	_TMOD,#0x20
                           1635 ;	serial.c:162: TH1 = TIMER1_RELOAD_VAL;
                           1636 ;	genAssign
   042B 75 8D FD           1637 	mov	_TH1,#0xFD
                           1638 ;	serial.c:163: TL1 = TIMER1_RELOAD_VAL;  //Auto-Reload value for timer 1 baud-rate = 9600
                           1639 ;	genAssign
   042E 75 8B FD           1640 	mov	_TL1,#0xFD
                           1641 ;	serial.c:165: TR1 = 1;
                           1642 ;	genAssign
   0431 D2 8E              1643 	setb	_TR1
                           1644 ;	serial.c:166: TI = 1; //Clear to start
                           1645 ;	genAssign
   0433 D2 99              1646 	setb	_TI
                           1647 ;	Peephole 300	removed redundant label 00101$
   0435 22                 1648 	ret
                           1649 	.area CSEG    (CODE)
                           1650 	.area CONST   (CODE)
   0000                    1651 __str_0:
   0000 53 65 72 69 61 6C  1652 	.ascii "Serial_getInteger(): Error. Max_Length too large."
        5F 67 65 74 49 6E
        74 65 67 65 72 28
        29 3A 20 45 72 72
        6F 72 2E 20 4D 61
        78 5F 4C 65 6E 67
        74 68 20 74 6F 6F
        20 6C 61 72 67 65
        2E
   0031 00                 1653 	.db 0x00
   0032                    1654 __str_1:
   0032 0D                 1655 	.db 0x0D
   0033 0A                 1656 	.db 0x0A
   0034 49 6E 76 61 6C 69  1657 	.ascii "Invalid character. Enter only digits."
        64 20 63 68 61 72
        61 63 74 65 72 2E
        20 45 6E 74 65 72
        20 6F 6E 6C 79 20
        64 69 67 69 74 73
        2E
   0059 0D                 1658 	.db 0x0D
   005A 0A                 1659 	.db 0x0A
   005B 00                 1660 	.db 0x00
   005C                    1661 __str_2:
   005C 0D                 1662 	.db 0x0D
   005D 0A                 1663 	.db 0x0A
   005E 49 6E 76 61 6C 69  1664 	.ascii "Invalid character. Enter only hex characters."
        64 20 63 68 61 72
        61 63 74 65 72 2E
        20 45 6E 74 65 72
        20 6F 6E 6C 79 20
        68 65 78 20 63 68
        61 72 61 63 74 65
        72 73 2E
   008B 0D                 1665 	.db 0x0D
   008C 0A                 1666 	.db 0x0A
   008D 00                 1667 	.db 0x00
                           1668 	.area XINIT   (CODE)
